This is pdfTeX, Version 3.141592653-2.6-1.40.24 (MiKTeX 22.3) (preloaded format=pdflatex 2022.5.15)  15 MAY 2022 23:07
entering extended mode
 restricted \write18 enabled.
 %&-line parsing enabled.
**./MS_Thesis_Sotnikov2022_slides.tex
(MS_Thesis_Sotnikov2022_slides.tex
LaTeX2e <2021-11-15> patch level 1
L3 programming layer <2022-02-24>
(C:\Users\anton.sotnikov\AppData\Local\Programs\MiKTeX\tex/latex/beamer\beamer.
cls
Document Class: beamer 2022/02/08 v3.66 A class for typesetting presentations

(C:\Users\anton.sotnikov\AppData\Local\Programs\MiKTeX\tex/latex/beamer\beamerb
asemodes.sty
(C:\Users\anton.sotnikov\AppData\Local\Programs\MiKTeX\tex/latex/etoolbox\etool
box.sty
Package: etoolbox 2020/10/05 v2.5k e-TeX tools for LaTeX (JAW)
\etb@tempcnta=\count185
)
\beamer@tempbox=\box50
\beamer@tempcount=\count186
\c@beamerpauses=\count187

(C:\Users\anton.sotnikov\AppData\Local\Programs\MiKTeX\tex/latex/beamer\beamerb
asedecode.sty
\beamer@slideinframe=\count188
\beamer@minimum=\count189
\beamer@decode@box=\box51
)
\beamer@commentbox=\box52
\beamer@modecount=\count190
)
(C:\Users\anton.sotnikov\AppData\Local\Programs\MiKTeX\tex/generic/iftex\iftex.
sty
Package: iftex 2022/02/03 v1.0f TeX engine tests
)
\headdp=\dimen138
\footheight=\dimen139
\sidebarheight=\dimen140
\beamer@tempdim=\dimen141
\beamer@finalheight=\dimen142
\beamer@animht=\dimen143
\beamer@animdp=\dimen144
\beamer@animwd=\dimen145
\beamer@leftmargin=\dimen146
\beamer@rightmargin=\dimen147
\beamer@leftsidebar=\dimen148
\beamer@rightsidebar=\dimen149
\beamer@boxsize=\dimen150
\beamer@vboxoffset=\dimen151
\beamer@descdefault=\dimen152
\beamer@descriptionwidth=\dimen153
\beamer@lastskip=\skip47
\beamer@areabox=\box53
\beamer@animcurrent=\box54
\beamer@animshowbox=\box55
\beamer@sectionbox=\box56
\beamer@logobox=\box57
\beamer@linebox=\box58
\beamer@sectioncount=\count191
\beamer@subsubsectionmax=\count192
\beamer@subsectionmax=\count193
\beamer@sectionmax=\count194
\beamer@totalheads=\count195
\beamer@headcounter=\count196
\beamer@partstartpage=\count197
\beamer@sectionstartpage=\count198
\beamer@subsectionstartpage=\count199
\beamer@animationtempa=\count266
\beamer@animationtempb=\count267
\beamer@xpos=\count268
\beamer@ypos=\count269
\beamer@ypos@offset=\count270
\beamer@showpartnumber=\count271
\beamer@currentsubsection=\count272
\beamer@coveringdepth=\count273
\beamer@sectionadjust=\count274
\beamer@toclastsection=\count275
\beamer@tocsectionnumber=\count276

(C:\Users\anton.sotnikov\AppData\Local\Programs\MiKTeX\tex/latex/beamer\beamerb
aseoptions.sty
(C:\Users\anton.sotnikov\AppData\Local\Programs\MiKTeX\tex/latex/graphics\keyva
l.sty
Package: keyval 2014/10/28 v1.15 key=value parser (DPC)
\KV@toks@=\toks16
))
\beamer@paperwidth=\skip48
\beamer@paperheight=\skip49

(C:\Users\anton.sotnikov\AppData\Local\Programs\MiKTeX\tex/latex/geometry\geome
try.sty
Package: geometry 2020/01/02 v5.9 Page Geometry

(C:\Users\anton.sotnikov\AppData\Local\Programs\MiKTeX\tex/generic/iftex\ifvtex
.sty
Package: ifvtex 2019/10/25 v1.7 ifvtex legacy package. Use iftex instead.
)
\Gm@cnth=\count277
\Gm@cntv=\count278
\c@Gm@tempcnt=\count279
\Gm@bindingoffset=\dimen154
\Gm@wd@mp=\dimen155
\Gm@odd@mp=\dimen156
\Gm@even@mp=\dimen157
\Gm@layoutwidth=\dimen158
\Gm@layoutheight=\dimen159
\Gm@layouthoffset=\dimen160
\Gm@layoutvoffset=\dimen161
\Gm@dimlist=\toks17

(C:\Users\anton.sotnikov\AppData\Local\Programs\MiKTeX\tex/latex/geometry\geome
try.cfg))
(C:\Users\anton.sotnikov\AppData\Local\Programs\MiKTeX\tex/latex/pgf/math\pgfma
th.sty
(C:\Users\anton.sotnikov\AppData\Local\Programs\MiKTeX\tex/latex/pgf/utilities\
pgfrcs.sty
(C:\Users\anton.sotnikov\AppData\Local\Programs\MiKTeX\tex/generic/pgf/utilitie
s\pgfutil-common.tex
\pgfutil@everybye=\toks18
\pgfutil@tempdima=\dimen162
\pgfutil@tempdimb=\dimen163

(C:\Users\anton.sotnikov\AppData\Local\Programs\MiKTeX\tex/generic/pgf/utilitie
s\pgfutil-common-lists.tex))
(C:\Users\anton.sotnikov\AppData\Local\Programs\MiKTeX\tex/generic/pgf/utilitie
s\pgfutil-latex.def
\pgfutil@abb=\box59
)
(C:\Users\anton.sotnikov\AppData\Local\Programs\MiKTeX\tex/generic/pgf/utilitie
s\pgfrcs.code.tex
(C:\Users\anton.sotnikov\AppData\Local\Programs\MiKTeX\tex/generic/pgf\pgf.revi
sion.tex)
Package: pgfrcs 2021/05/15 v3.1.9a (3.1.9a)
))
(C:\Users\anton.sotnikov\AppData\Local\Programs\MiKTeX\tex/latex/pgf/utilities\
pgfkeys.sty
(C:\Users\anton.sotnikov\AppData\Local\Programs\MiKTeX\tex/generic/pgf/utilitie
s\pgfkeys.code.tex
\pgfkeys@pathtoks=\toks19
\pgfkeys@temptoks=\toks20

(C:\Users\anton.sotnikov\AppData\Local\Programs\MiKTeX\tex/generic/pgf/utilitie
s\pgfkeysfiltered.code.tex
\pgfkeys@tmptoks=\toks21
)))
(C:\Users\anton.sotnikov\AppData\Local\Programs\MiKTeX\tex/generic/pgf/math\pgf
math.code.tex
(C:\Users\anton.sotnikov\AppData\Local\Programs\MiKTeX\tex/generic/pgf/math\pgf
mathcalc.code.tex
(C:\Users\anton.sotnikov\AppData\Local\Programs\MiKTeX\tex/generic/pgf/math\pgf
mathutil.code.tex
\pgf@x=\dimen164
\pgf@xa=\dimen165
\pgf@xb=\dimen166
\pgf@xc=\dimen167
\pgf@y=\dimen168
\pgf@ya=\dimen169
\pgf@yb=\dimen170
\pgf@yc=\dimen171
\c@pgf@counta=\count280
\c@pgf@countb=\count281
\c@pgf@countc=\count282
\c@pgf@countd=\count283
)
(C:\Users\anton.sotnikov\AppData\Local\Programs\MiKTeX\tex/generic/pgf/math\pgf
mathparser.code.tex
\pgfmath@dimen=\dimen172
\pgfmath@count=\count284
\pgfmath@box=\box60
\pgfmath@toks=\toks22
\pgfmath@stack@operand=\toks23
\pgfmath@stack@operation=\toks24
)
(C:\Users\anton.sotnikov\AppData\Local\Programs\MiKTeX\tex/generic/pgf/math\pgf
mathfunctions.code.tex
(C:\Users\anton.sotnikov\AppData\Local\Programs\MiKTeX\tex/generic/pgf/math\pgf
mathfunctions.basic.code.tex)
(C:\Users\anton.sotnikov\AppData\Local\Programs\MiKTeX\tex/generic/pgf/math\pgf
mathfunctions.trigonometric.code.tex)
(C:\Users\anton.sotnikov\AppData\Local\Programs\MiKTeX\tex/generic/pgf/math\pgf
mathfunctions.random.code.tex)
(C:\Users\anton.sotnikov\AppData\Local\Programs\MiKTeX\tex/generic/pgf/math\pgf
mathfunctions.comparison.code.tex)
(C:\Users\anton.sotnikov\AppData\Local\Programs\MiKTeX\tex/generic/pgf/math\pgf
mathfunctions.base.code.tex)
(C:\Users\anton.sotnikov\AppData\Local\Programs\MiKTeX\tex/generic/pgf/math\pgf
mathfunctions.round.code.tex)
(C:\Users\anton.sotnikov\AppData\Local\Programs\MiKTeX\tex/generic/pgf/math\pgf
mathfunctions.misc.code.tex)
(C:\Users\anton.sotnikov\AppData\Local\Programs\MiKTeX\tex/generic/pgf/math\pgf
mathfunctions.integerarithmetics.code.tex)))
(C:\Users\anton.sotnikov\AppData\Local\Programs\MiKTeX\tex/generic/pgf/math\pgf
mathfloat.code.tex
\c@pgfmathroundto@lastzeros=\count285
)))
(C:\Users\anton.sotnikov\AppData\Local\Programs\MiKTeX\tex/latex/extsizes\size9
.clo
File: size9.clo 1999/11/11 v1.4a NON-Standard LaTeX file (size option)
)
(C:\Users\anton.sotnikov\AppData\Local\Programs\MiKTeX\tex/latex/pgf/basiclayer
\pgfcore.sty
(C:\Users\anton.sotnikov\AppData\Local\Programs\MiKTeX\tex/latex/graphics\graph
icx.sty
Package: graphicx 2021/09/16 v1.2d Enhanced LaTeX Graphics (DPC,SPQR)

(C:\Users\anton.sotnikov\AppData\Local\Programs\MiKTeX\tex/latex/graphics\graph
ics.sty
Package: graphics 2021/03/04 v1.4d Standard LaTeX Graphics (DPC,SPQR)

(C:\Users\anton.sotnikov\AppData\Local\Programs\MiKTeX\tex/latex/graphics\trig.
sty
Package: trig 2021/08/11 v1.11 sin cos tan (DPC)
)
(C:\Users\anton.sotnikov\AppData\Local\Programs\MiKTeX\tex/latex/graphics-cfg\g
raphics.cfg
File: graphics.cfg 2016/06/04 v1.11 sample graphics configuration
)
Package graphics Info: Driver file: pdftex.def on input line 107.

(C:\Users\anton.sotnikov\AppData\Local\Programs\MiKTeX\tex/latex/graphics-def\p
dftex.def
File: pdftex.def 2020/10/05 v1.2a Graphics/color driver for pdftex
))
\Gin@req@height=\dimen173
\Gin@req@width=\dimen174
)
(C:\Users\anton.sotnikov\AppData\Local\Programs\MiKTeX\tex/latex/pgf/systemlaye
r\pgfsys.sty
(C:\Users\anton.sotnikov\AppData\Local\Programs\MiKTeX\tex/generic/pgf/systemla
yer\pgfsys.code.tex
Package: pgfsys 2021/05/15 v3.1.9a (3.1.9a)

(C:\Users\anton.sotnikov\AppData\Local\Programs\MiKTeX\tex/generic/pgf/utilitie
s\pgfkeys.code.tex)
\pgf@x=\dimen175
\pgf@y=\dimen176
\pgf@xa=\dimen177
\pgf@ya=\dimen178
\pgf@xb=\dimen179
\pgf@yb=\dimen180
\pgf@xc=\dimen181
\pgf@yc=\dimen182
\pgf@xd=\dimen183
\pgf@yd=\dimen184
\w@pgf@writea=\write3
\r@pgf@reada=\read2
\c@pgf@counta=\count286
\c@pgf@countb=\count287
\c@pgf@countc=\count288
\c@pgf@countd=\count289
\t@pgf@toka=\toks25
\t@pgf@tokb=\toks26
\t@pgf@tokc=\toks27
\pgf@sys@id@count=\count290

(C:\Users\anton.sotnikov\AppData\Local\Programs\MiKTeX\tex/generic/pgf/systemla
yer\pgf.cfg
File: pgf.cfg 2021/05/15 v3.1.9a (3.1.9a)
)
Driver file for pgf: pgfsys-pdftex.def

(C:\Users\anton.sotnikov\AppData\Local\Programs\MiKTeX\tex/generic/pgf/systemla
yer\pgfsys-pdftex.def
File: pgfsys-pdftex.def 2021/05/15 v3.1.9a (3.1.9a)

(C:\Users\anton.sotnikov\AppData\Local\Programs\MiKTeX\tex/generic/pgf/systemla
yer\pgfsys-common-pdf.def
File: pgfsys-common-pdf.def 2021/05/15 v3.1.9a (3.1.9a)
)))
(C:\Users\anton.sotnikov\AppData\Local\Programs\MiKTeX\tex/generic/pgf/systemla
yer\pgfsyssoftpath.code.tex
File: pgfsyssoftpath.code.tex 2021/05/15 v3.1.9a (3.1.9a)
\pgfsyssoftpath@smallbuffer@items=\count291
\pgfsyssoftpath@bigbuffer@items=\count292
)
(C:\Users\anton.sotnikov\AppData\Local\Programs\MiKTeX\tex/generic/pgf/systemla
yer\pgfsysprotocol.code.tex
File: pgfsysprotocol.code.tex 2021/05/15 v3.1.9a (3.1.9a)
))
(C:\Users\anton.sotnikov\AppData\Local\Programs\MiKTeX\tex/latex/xcolor\xcolor.
sty
Package: xcolor 2021/10/31 v2.13 LaTeX color extensions (UK)

(C:\Users\anton.sotnikov\AppData\Local\Programs\MiKTeX\tex/latex/graphics-cfg\c
olor.cfg
File: color.cfg 2016/01/02 v1.6 sample color configuration
)
Package xcolor Info: Driver file: pdftex.def on input line 227.
Package xcolor Info: Model `cmy' substituted by `cmy0' on input line 1352.
Package xcolor Info: Model `hsb' substituted by `rgb' on input line 1356.
Package xcolor Info: Model `RGB' extended on input line 1368.
Package xcolor Info: Model `HTML' substituted by `rgb' on input line 1370.
Package xcolor Info: Model `Hsb' substituted by `hsb' on input line 1371.
Package xcolor Info: Model `tHsb' substituted by `hsb' on input line 1372.
Package xcolor Info: Model `HSB' substituted by `hsb' on input line 1373.
Package xcolor Info: Model `Gray' substituted by `gray' on input line 1374.
Package xcolor Info: Model `wave' substituted by `hsb' on input line 1375.
)
(C:\Users\anton.sotnikov\AppData\Local\Programs\MiKTeX\tex/generic/pgf/basiclay
er\pgfcore.code.tex
Package: pgfcore 2021/05/15 v3.1.9a (3.1.9a)

(C:\Users\anton.sotnikov\AppData\Local\Programs\MiKTeX\tex/generic/pgf/math\pgf
math.code.tex)
(C:\Users\anton.sotnikov\AppData\Local\Programs\MiKTeX\tex/generic/pgf/math\pgf
int.code.tex)
(C:\Users\anton.sotnikov\AppData\Local\Programs\MiKTeX\tex/generic/pgf/basiclay
er\pgfcorepoints.code.tex
File: pgfcorepoints.code.tex 2021/05/15 v3.1.9a (3.1.9a)
\pgf@picminx=\dimen185
\pgf@picmaxx=\dimen186
\pgf@picminy=\dimen187
\pgf@picmaxy=\dimen188
\pgf@pathminx=\dimen189
\pgf@pathmaxx=\dimen190
\pgf@pathminy=\dimen191
\pgf@pathmaxy=\dimen192
\pgf@xx=\dimen193
\pgf@xy=\dimen194
\pgf@yx=\dimen195
\pgf@yy=\dimen196
\pgf@zx=\dimen197
\pgf@zy=\dimen198
)
(C:\Users\anton.sotnikov\AppData\Local\Programs\MiKTeX\tex/generic/pgf/basiclay
er\pgfcorepathconstruct.code.tex
File: pgfcorepathconstruct.code.tex 2021/05/15 v3.1.9a (3.1.9a)
\pgf@path@lastx=\dimen199
\pgf@path@lasty=\dimen256
)
(C:\Users\anton.sotnikov\AppData\Local\Programs\MiKTeX\tex/generic/pgf/basiclay
er\pgfcorepathusage.code.tex
File: pgfcorepathusage.code.tex 2021/05/15 v3.1.9a (3.1.9a)
\pgf@shorten@end@additional=\dimen257
\pgf@shorten@start@additional=\dimen258
)
(C:\Users\anton.sotnikov\AppData\Local\Programs\MiKTeX\tex/generic/pgf/basiclay
er\pgfcorescopes.code.tex
File: pgfcorescopes.code.tex 2021/05/15 v3.1.9a (3.1.9a)
\pgfpic=\box61
\pgf@hbox=\box62
\pgf@layerbox@main=\box63
\pgf@picture@serial@count=\count293
)
(C:\Users\anton.sotnikov\AppData\Local\Programs\MiKTeX\tex/generic/pgf/basiclay
er\pgfcoregraphicstate.code.tex
File: pgfcoregraphicstate.code.tex 2021/05/15 v3.1.9a (3.1.9a)
\pgflinewidth=\dimen259
)
(C:\Users\anton.sotnikov\AppData\Local\Programs\MiKTeX\tex/generic/pgf/basiclay
er\pgfcoretransformations.code.tex
File: pgfcoretransformations.code.tex 2021/05/15 v3.1.9a (3.1.9a)
\pgf@pt@x=\dimen260
\pgf@pt@y=\dimen261
\pgf@pt@temp=\dimen262
)
(C:\Users\anton.sotnikov\AppData\Local\Programs\MiKTeX\tex/generic/pgf/basiclay
er\pgfcorequick.code.tex
File: pgfcorequick.code.tex 2021/05/15 v3.1.9a (3.1.9a)
)
(C:\Users\anton.sotnikov\AppData\Local\Programs\MiKTeX\tex/generic/pgf/basiclay
er\pgfcoreobjects.code.tex
File: pgfcoreobjects.code.tex 2021/05/15 v3.1.9a (3.1.9a)
)
(C:\Users\anton.sotnikov\AppData\Local\Programs\MiKTeX\tex/generic/pgf/basiclay
er\pgfcorepathprocessing.code.tex
File: pgfcorepathprocessing.code.tex 2021/05/15 v3.1.9a (3.1.9a)
)
(C:\Users\anton.sotnikov\AppData\Local\Programs\MiKTeX\tex/generic/pgf/basiclay
er\pgfcorearrows.code.tex
File: pgfcorearrows.code.tex 2021/05/15 v3.1.9a (3.1.9a)
\pgfarrowsep=\dimen263
)
(C:\Users\anton.sotnikov\AppData\Local\Programs\MiKTeX\tex/generic/pgf/basiclay
er\pgfcoreshade.code.tex
File: pgfcoreshade.code.tex 2021/05/15 v3.1.9a (3.1.9a)
\pgf@max=\dimen264
\pgf@sys@shading@range@num=\count294
\pgf@shadingcount=\count295
)
(C:\Users\anton.sotnikov\AppData\Local\Programs\MiKTeX\tex/generic/pgf/basiclay
er\pgfcoreimage.code.tex
File: pgfcoreimage.code.tex 2021/05/15 v3.1.9a (3.1.9a)

(C:\Users\anton.sotnikov\AppData\Local\Programs\MiKTeX\tex/generic/pgf/basiclay
er\pgfcoreexternal.code.tex
File: pgfcoreexternal.code.tex 2021/05/15 v3.1.9a (3.1.9a)
\pgfexternal@startupbox=\box64
))
(C:\Users\anton.sotnikov\AppData\Local\Programs\MiKTeX\tex/generic/pgf/basiclay
er\pgfcorelayers.code.tex
File: pgfcorelayers.code.tex 2021/05/15 v3.1.9a (3.1.9a)
)
(C:\Users\anton.sotnikov\AppData\Local\Programs\MiKTeX\tex/generic/pgf/basiclay
er\pgfcoretransparency.code.tex
File: pgfcoretransparency.code.tex 2021/05/15 v3.1.9a (3.1.9a)
)
(C:\Users\anton.sotnikov\AppData\Local\Programs\MiKTeX\tex/generic/pgf/basiclay
er\pgfcorepatterns.code.tex
File: pgfcorepatterns.code.tex 2021/05/15 v3.1.9a (3.1.9a)
)
(C:\Users\anton.sotnikov\AppData\Local\Programs\MiKTeX\tex/generic/pgf/basiclay
er\pgfcorerdf.code.tex
File: pgfcorerdf.code.tex 2021/05/15 v3.1.9a (3.1.9a)
)))
(C:\Users\anton.sotnikov\AppData\Local\Programs\MiKTeX\tex/latex/pgf/utilities\
xxcolor.sty
Package: xxcolor 2003/10/24 ver 0.1
\XC@nummixins=\count296
\XC@countmixins=\count297
)
(C:\Users\anton.sotnikov\AppData\Local\Programs\MiKTeX\tex/latex/base\atbegshi-
ltx.sty
Package: atbegshi-ltx 2021/01/10 v1.0c Emulation of the original atbegshi
package with kernel methods
)
(C:\Users\anton.sotnikov\AppData\Local\Programs\MiKTeX\tex/latex/hyperref\hyper
ref.sty
Package: hyperref 2022-02-21 v7.00n Hypertext links for LaTeX

(C:\Users\anton.sotnikov\AppData\Local\Programs\MiKTeX\tex/generic/ltxcmds\ltxc
mds.sty
Package: ltxcmds 2020-05-10 v1.25 LaTeX kernel commands for general use (HO)
)
(C:\Users\anton.sotnikov\AppData\Local\Programs\MiKTeX\tex/generic/pdftexcmds\p
dftexcmds.sty
Package: pdftexcmds 2020-06-27 v0.33 Utility functions of pdfTeX for LuaTeX (HO
)

(C:\Users\anton.sotnikov\AppData\Local\Programs\MiKTeX\tex/generic/infwarerr\in
fwarerr.sty
Package: infwarerr 2019/12/03 v1.5 Providing info/warning/error messages (HO)
)
Package pdftexcmds Info: \pdf@primitive is available.
Package pdftexcmds Info: \pdf@ifprimitive is available.
Package pdftexcmds Info: \pdfdraftmode found.
)
(C:\Users\anton.sotnikov\AppData\Local\Programs\MiKTeX\tex/generic/kvsetkeys\kv
setkeys.sty
Package: kvsetkeys 2019/12/15 v1.18 Key value parser (HO)
)
(C:\Users\anton.sotnikov\AppData\Local\Programs\MiKTeX\tex/generic/kvdefinekeys
\kvdefinekeys.sty
Package: kvdefinekeys 2019-12-19 v1.6 Define keys (HO)
)
(C:\Users\anton.sotnikov\AppData\Local\Programs\MiKTeX\tex/generic/pdfescape\pd
fescape.sty
Package: pdfescape 2019/12/09 v1.15 Implements pdfTeX's escape features (HO)
)
(C:\Users\anton.sotnikov\AppData\Local\Programs\MiKTeX\tex/latex/hycolor\hycolo
r.sty
Package: hycolor 2020-01-27 v1.10 Color options for hyperref/bookmark (HO)
)
(C:\Users\anton.sotnikov\AppData\Local\Programs\MiKTeX\tex/latex/letltxmacro\le
tltxmacro.sty
Package: letltxmacro 2019/12/03 v1.6 Let assignment for LaTeX macros (HO)
)
(C:\Users\anton.sotnikov\AppData\Local\Programs\MiKTeX\tex/latex/auxhook\auxhoo
k.sty
Package: auxhook 2019-12-17 v1.6 Hooks for auxiliary files (HO)
)
(C:\Users\anton.sotnikov\AppData\Local\Programs\MiKTeX\tex/latex/kvoptions\kvop
tions.sty
Package: kvoptions 2020-10-07 v3.14 Key value format for package options (HO)
)
\@linkdim=\dimen265
\Hy@linkcounter=\count298
\Hy@pagecounter=\count299

(C:\Users\anton.sotnikov\AppData\Local\Programs\MiKTeX\tex/latex/hyperref\pd1en
c.def
File: pd1enc.def 2022-02-21 v7.00n Hyperref: PDFDocEncoding definition (HO)
Now handling font encoding PD1 ...
... no UTF-8 mapping file for font encoding PD1
)
(C:\Users\anton.sotnikov\AppData\Local\Programs\MiKTeX\tex/generic/intcalc\intc
alc.sty
Package: intcalc 2019/12/15 v1.3 Expandable calculations with integers (HO)
)
(C:\Users\anton.sotnikov\AppData\Local\Programs\MiKTeX\tex/generic/etexcmds\ete
xcmds.sty
Package: etexcmds 2019/12/15 v1.7 Avoid name clashes with e-TeX commands (HO)
)
\Hy@SavedSpaceFactor=\count300

(C:\Users\anton.sotnikov\AppData\Local\Programs\MiKTeX\tex/latex/hyperref\puenc
.def
File: puenc.def 2022-02-21 v7.00n Hyperref: PDF Unicode definition (HO)
Now handling font encoding PU ...
... no UTF-8 mapping file for font encoding PU
)
Package hyperref Info: Option `bookmarks' set `true' on input line 4018.
Package hyperref Info: Option `bookmarksopen' set `true' on input line 4018.
Package hyperref Info: Option `implicit' set `false' on input line 4018.
Package hyperref Info: Hyper figures OFF on input line 4137.
Package hyperref Info: Link nesting OFF on input line 4142.
Package hyperref Info: Hyper index ON on input line 4145.
Package hyperref Info: Plain pages OFF on input line 4152.
Package hyperref Info: Backreferencing OFF on input line 4157.
Package hyperref Info: Implicit mode OFF; no redefinition of LaTeX internals.
Package hyperref Info: Bookmarks ON on input line 4390.
\c@Hy@tempcnt=\count301

(C:\Users\anton.sotnikov\AppData\Local\Programs\MiKTeX\tex/latex/url\url.sty
\Urlmuskip=\muskip16
Package: url 2013/09/16  ver 3.4  Verb mode for urls, etc.
)
LaTeX Info: Redefining \url on input line 4749.
\XeTeXLinkMargin=\dimen266

(C:\Users\anton.sotnikov\AppData\Local\Programs\MiKTeX\tex/generic/bitset\bitse
t.sty
Package: bitset 2019/12/09 v1.3 Handle bit-vector datatype (HO)

(C:\Users\anton.sotnikov\AppData\Local\Programs\MiKTeX\tex/generic/bigintcalc\b
igintcalc.sty
Package: bigintcalc 2019/12/15 v1.5 Expandable calculations on big integers (HO
)
))
\Fld@menulength=\count302
\Field@Width=\dimen267
\Fld@charsize=\dimen268
Package hyperref Info: Hyper figures OFF on input line 6027.
Package hyperref Info: Link nesting OFF on input line 6032.
Package hyperref Info: Hyper index ON on input line 6035.
Package hyperref Info: backreferencing OFF on input line 6042.
Package hyperref Info: Link coloring OFF on input line 6047.
Package hyperref Info: Link coloring with OCG OFF on input line 6052.
Package hyperref Info: PDF/A mode OFF on input line 6057.
LaTeX Info: Redefining \ref on input line 6097.
LaTeX Info: Redefining \pageref on input line 6101.
\Hy@abspage=\count303


Package hyperref Message: Stopped early.

)
Package hyperref Info: Driver (autodetected): hpdftex.

(C:\Users\anton.sotnikov\AppData\Local\Programs\MiKTeX\tex/latex/hyperref\hpdft
ex.def
File: hpdftex.def 2022-02-21 v7.00n Hyperref driver for pdfTeX

(C:\Users\anton.sotnikov\AppData\Local\Programs\MiKTeX\tex/latex/base\atveryend
-ltx.sty
Package: atveryend-ltx 2020/08/19 v1.0a Emulation of the original atveryend pac
kage
with kernel methods
)
\Fld@listcount=\count304
\c@bookmark@seq@number=\count305

(C:\Users\anton.sotnikov\AppData\Local\Programs\MiKTeX\tex/latex/rerunfilecheck
\rerunfilecheck.sty
Package: rerunfilecheck 2019/12/05 v1.9 Rerun checks for auxiliary files (HO)

(C:\Users\anton.sotnikov\AppData\Local\Programs\MiKTeX\tex/generic/uniquecounte
r\uniquecounter.sty
Package: uniquecounter 2019/12/15 v1.4 Provide unlimited unique counter (HO)
)
Package uniquecounter Info: New unique counter `rerunfilecheck' on input line 2
86.
))
(C:\Users\anton.sotnikov\AppData\Local\Programs\MiKTeX\tex/latex/beamer\beamerb
aserequires.sty
(C:\Users\anton.sotnikov\AppData\Local\Programs\MiKTeX\tex/latex/beamer\beamerb
asecompatibility.sty)
(C:\Users\anton.sotnikov\AppData\Local\Programs\MiKTeX\tex/latex/beamer\beamerb
asefont.sty
(C:\Users\anton.sotnikov\AppData\Local\Programs\MiKTeX\tex/latex/amsfonts\amssy
mb.sty
Package: amssymb 2013/01/14 v3.01 AMS font symbols

(C:\Users\anton.sotnikov\AppData\Local\Programs\MiKTeX\tex/latex/amsfonts\amsfo
nts.sty
Package: amsfonts 2013/01/14 v3.01 Basic AMSFonts support
\@emptytoks=\toks28
\symAMSa=\mathgroup4
\symAMSb=\mathgroup5
LaTeX Font Info:    Redeclaring math symbol \hbar on input line 98.
LaTeX Font Info:    Overwriting math alphabet `\mathfrak' in version `bold'
(Font)                  U/euf/m/n --> U/euf/b/n on input line 106.
))
(C:\Users\anton.sotnikov\AppData\Local\Programs\MiKTeX\tex/latex/sansmathaccent
\sansmathaccent.sty
Package: sansmathaccent 2020/01/31

(C:\Users\anton.sotnikov\AppData\Local\Programs\MiKTeX\tex/latex/koma-script\sc
rlfile.sty
Package: scrlfile 2021/11/13 v3.35 KOMA-Script package (file load hooks)

(C:\Users\anton.sotnikov\AppData\Local\Programs\MiKTeX\tex/latex/koma-script\sc
rlfile-hook.sty
Package: scrlfile-hook 2021/11/13 v3.35 KOMA-Script package (using LaTeX hooks)


(C:\Users\anton.sotnikov\AppData\Local\Programs\MiKTeX\tex/latex/koma-script\sc
rlogo.sty
Package: scrlogo 2021/11/13 v3.35 KOMA-Script package (logo)
)))))
(C:\Users\anton.sotnikov\AppData\Local\Programs\MiKTeX\tex/latex/beamer\beamerb
asetranslator.sty
(C:\Users\anton.sotnikov\AppData\Local\Programs\MiKTeX\tex/latex/translator\tra
nslator.sty
Package: translator 2021-05-31 v1.12d Easy translation of strings in LaTeX
))
(C:\Users\anton.sotnikov\AppData\Local\Programs\MiKTeX\tex/latex/beamer\beamerb
asemisc.sty)
(C:\Users\anton.sotnikov\AppData\Local\Programs\MiKTeX\tex/latex/beamer\beamerb
asetwoscreens.sty)
(C:\Users\anton.sotnikov\AppData\Local\Programs\MiKTeX\tex/latex/beamer\beamerb
aseoverlay.sty
\beamer@argscount=\count306
\beamer@lastskipcover=\skip50
\beamer@trivlistdepth=\count307
)
(C:\Users\anton.sotnikov\AppData\Local\Programs\MiKTeX\tex/latex/beamer\beamerb
asetitle.sty)
(C:\Users\anton.sotnikov\AppData\Local\Programs\MiKTeX\tex/latex/beamer\beamerb
asesection.sty
\c@lecture=\count308
\c@part=\count309
\c@section=\count310
\c@subsection=\count311
\c@subsubsection=\count312
)
(C:\Users\anton.sotnikov\AppData\Local\Programs\MiKTeX\tex/latex/beamer\beamerb
aseframe.sty
\beamer@framebox=\box65
\beamer@frametitlebox=\box66
\beamer@zoombox=\box67
\beamer@zoomcount=\count313
\beamer@zoomframecount=\count314
\beamer@frametextheight=\dimen269
\c@subsectionslide=\count315
\beamer@frametopskip=\skip51
\beamer@framebottomskip=\skip52
\beamer@frametopskipautobreak=\skip53
\beamer@framebottomskipautobreak=\skip54
\beamer@envbody=\toks29
\framewidth=\dimen270
\c@framenumber=\count316
)
(C:\Users\anton.sotnikov\AppData\Local\Programs\MiKTeX\tex/latex/beamer\beamerb
aseverbatim.sty
\beamer@verbatimfileout=\write4
)
(C:\Users\anton.sotnikov\AppData\Local\Programs\MiKTeX\tex/latex/beamer\beamerb
aseframesize.sty
\beamer@splitbox=\box68
\beamer@autobreakcount=\count317
\beamer@autobreaklastheight=\dimen271
\beamer@frametitletoks=\toks30
\beamer@framesubtitletoks=\toks31
)
(C:\Users\anton.sotnikov\AppData\Local\Programs\MiKTeX\tex/latex/beamer\beamerb
aseframecomponents.sty
\beamer@footins=\box69
)
(C:\Users\anton.sotnikov\AppData\Local\Programs\MiKTeX\tex/latex/beamer\beamerb
asecolor.sty)
(C:\Users\anton.sotnikov\AppData\Local\Programs\MiKTeX\tex/latex/beamer\beamerb
asenotes.sty
\beamer@frameboxcopy=\box70
)
(C:\Users\anton.sotnikov\AppData\Local\Programs\MiKTeX\tex/latex/beamer\beamerb
asetoc.sty)
(C:\Users\anton.sotnikov\AppData\Local\Programs\MiKTeX\tex/latex/beamer\beamerb
asetemplates.sty
\beamer@sbttoks=\toks32

(C:\Users\anton.sotnikov\AppData\Local\Programs\MiKTeX\tex/latex/beamer\beamerb
aseauxtemplates.sty
(C:\Users\anton.sotnikov\AppData\Local\Programs\MiKTeX\tex/latex/beamer\beamerb
aseboxes.sty
\bmb@box=\box71
\bmb@colorbox=\box72
\bmb@boxwidth=\dimen272
\bmb@boxheight=\dimen273
\bmb@prevheight=\dimen274
\bmb@temp=\dimen275
\bmb@dima=\dimen276
\bmb@dimb=\dimen277
\bmb@prevheight=\dimen278
)
\beamer@blockheadheight=\dimen279
))
(C:\Users\anton.sotnikov\AppData\Local\Programs\MiKTeX\tex/latex/beamer\beamerb
aselocalstructure.sty
(C:\Users\anton.sotnikov\AppData\Local\Programs\MiKTeX\tex/latex/tools\enumerat
e.sty
Package: enumerate 2015/07/23 v3.00 enumerate extensions (DPC)
\@enLab=\toks33
)
\beamer@bibiconwidth=\skip55
\c@figure=\count318
\c@table=\count319
\abovecaptionskip=\skip56
\belowcaptionskip=\skip57
)
(C:\Users\anton.sotnikov\AppData\Local\Programs\MiKTeX\tex/latex/beamer\beamerb
asenavigation.sty
\beamer@section@min@dim=\dimen280
)
(C:\Users\anton.sotnikov\AppData\Local\Programs\MiKTeX\tex/latex/beamer\beamerb
asetheorems.sty
(C:\Users\anton.sotnikov\AppData\Local\Programs\MiKTeX\tex/latex/amsmath\amsmat
h.sty
Package: amsmath 2021/10/15 v2.17l AMS math features
\@mathmargin=\skip58

For additional information on amsmath, use the `?' option.

(C:\Users\anton.sotnikov\AppData\Local\Programs\MiKTeX\tex/latex/amsmath\amstex
t.sty
Package: amstext 2021/08/26 v2.01 AMS text

(C:\Users\anton.sotnikov\AppData\Local\Programs\MiKTeX\tex/latex/amsmath\amsgen
.sty
File: amsgen.sty 1999/11/30 v2.0 generic functions
\@emptytoks=\toks34
\ex@=\dimen281
))
(C:\Users\anton.sotnikov\AppData\Local\Programs\MiKTeX\tex/latex/amsmath\amsbsy
.sty
Package: amsbsy 1999/11/29 v1.2d Bold Symbols
\pmbraise@=\dimen282
)
(C:\Users\anton.sotnikov\AppData\Local\Programs\MiKTeX\tex/latex/amsmath\amsopn
.sty
Package: amsopn 2021/08/26 v2.02 operator names
)
\inf@bad=\count320
LaTeX Info: Redefining \frac on input line 234.
\uproot@=\count321
\leftroot@=\count322
LaTeX Info: Redefining \overline on input line 399.
\classnum@=\count323
\DOTSCASE@=\count324
LaTeX Info: Redefining \ldots on input line 496.
LaTeX Info: Redefining \dots on input line 499.
LaTeX Info: Redefining \cdots on input line 620.
\Mathstrutbox@=\box73
\strutbox@=\box74
\big@size=\dimen283
LaTeX Font Info:    Redeclaring font encoding OML on input line 743.
LaTeX Font Info:    Redeclaring font encoding OMS on input line 744.
\macc@depth=\count325
\c@MaxMatrixCols=\count326
\dotsspace@=\muskip17
\c@parentequation=\count327
\dspbrk@lvl=\count328
\tag@help=\toks35
\row@=\count329
\column@=\count330
\maxfields@=\count331
\andhelp@=\toks36
\eqnshift@=\dimen284
\alignsep@=\dimen285
\tagshift@=\dimen286
\tagwidth@=\dimen287
\totwidth@=\dimen288
\lineht@=\dimen289
\@envbody=\toks37
\multlinegap=\skip59
\multlinetaggap=\skip60
\mathdisplay@stack=\toks38
LaTeX Info: Redefining \[ on input line 2938.
LaTeX Info: Redefining \] on input line 2939.
)
(C:\Users\anton.sotnikov\AppData\Local\Programs\MiKTeX\tex/latex/amscls\amsthm.
sty
Package: amsthm 2020/05/29 v2.20.6
\thm@style=\toks39
\thm@bodyfont=\toks40
\thm@headfont=\toks41
\thm@notefont=\toks42
\thm@headpunct=\toks43
\thm@preskip=\skip61
\thm@postskip=\skip62
\thm@headsep=\skip63
\dth@everypar=\toks44
)
\c@theorem=\count332
)
(C:\Users\anton.sotnikov\AppData\Local\Programs\MiKTeX\tex/latex/beamer\beamerb
asethemes.sty))
(C:\Users\anton.sotnikov\AppData\Local\Programs\MiKTeX\tex/latex/beamer\beamert
hemedefault.sty
(C:\Users\anton.sotnikov\AppData\Local\Programs\MiKTeX\tex/latex/beamer\beamerf
ontthemedefault.sty)
(C:\Users\anton.sotnikov\AppData\Local\Programs\MiKTeX\tex/latex/beamer\beamerc
olorthemedefault.sty)
(C:\Users\anton.sotnikov\AppData\Local\Programs\MiKTeX\tex/latex/beamer\beameri
nnerthemedefault.sty
\beamer@dima=\dimen290
\beamer@dimb=\dimen291
)
(C:\Users\anton.sotnikov\AppData\Local\Programs\MiKTeX\tex/latex/beamer\beamero
uterthemedefault.sty)))
(C:\Users\anton.sotnikov\AppData\Local\Programs\MiKTeX\tex/latex/base\fontenc.s
ty
Package: fontenc 2021/04/29 v2.0v Standard LaTeX package

(C:\Users\anton.sotnikov\AppData\Local\Programs\MiKTeX\tex/latex/cyrillic\t2aen
c.def
File: t2aenc.def 2005/09/27 v1.0i Cyrillic encoding definition file
Now handling font encoding T2A ...
... processing UTF-8 mapping file for font encoding T2A

(C:\Users\anton.sotnikov\AppData\Local\Programs\MiKTeX\tex/latex/base\t2aenc.df
u
File: t2aenc.dfu 2021/06/21 v1.2n UTF-8 support
   defining Unicode char U+00A4 (decimal 164)
   defining Unicode char U+00A7 (decimal 167)
   defining Unicode char U+00AB (decimal 171)
   defining Unicode char U+00BB (decimal 187)
   defining Unicode char U+0131 (decimal 305)
   defining Unicode char U+0237 (decimal 567)
   defining Unicode char U+0400 (decimal 1024)
   defining Unicode char U+0401 (decimal 1025)
   defining Unicode char U+0402 (decimal 1026)
   defining Unicode char U+0403 (decimal 1027)
   defining Unicode char U+0404 (decimal 1028)
   defining Unicode char U+0405 (decimal 1029)
   defining Unicode char U+0406 (decimal 1030)
   defining Unicode char U+0407 (decimal 1031)
   defining Unicode char U+0408 (decimal 1032)
   defining Unicode char U+0409 (decimal 1033)
   defining Unicode char U+040A (decimal 1034)
   defining Unicode char U+040B (decimal 1035)
   defining Unicode char U+040C (decimal 1036)
   defining Unicode char U+040D (decimal 1037)
   defining Unicode char U+040E (decimal 1038)
   defining Unicode char U+040F (decimal 1039)
   defining Unicode char U+0410 (decimal 1040)
   defining Unicode char U+0411 (decimal 1041)
   defining Unicode char U+0412 (decimal 1042)
   defining Unicode char U+0413 (decimal 1043)
   defining Unicode char U+0414 (decimal 1044)
   defining Unicode char U+0415 (decimal 1045)
   defining Unicode char U+0416 (decimal 1046)
   defining Unicode char U+0417 (decimal 1047)
   defining Unicode char U+0418 (decimal 1048)
   defining Unicode char U+0419 (decimal 1049)
   defining Unicode char U+041A (decimal 1050)
   defining Unicode char U+041B (decimal 1051)
   defining Unicode char U+041C (decimal 1052)
   defining Unicode char U+041D (decimal 1053)
   defining Unicode char U+041E (decimal 1054)
   defining Unicode char U+041F (decimal 1055)
   defining Unicode char U+0420 (decimal 1056)
   defining Unicode char U+0421 (decimal 1057)
   defining Unicode char U+0422 (decimal 1058)
   defining Unicode char U+0423 (decimal 1059)
   defining Unicode char U+0424 (decimal 1060)
   defining Unicode char U+0425 (decimal 1061)
   defining Unicode char U+0426 (decimal 1062)
   defining Unicode char U+0427 (decimal 1063)
   defining Unicode char U+0428 (decimal 1064)
   defining Unicode char U+0429 (decimal 1065)
   defining Unicode char U+042A (decimal 1066)
   defining Unicode char U+042B (decimal 1067)
   defining Unicode char U+042C (decimal 1068)
   defining Unicode char U+042D (decimal 1069)
   defining Unicode char U+042E (decimal 1070)
   defining Unicode char U+042F (decimal 1071)
   defining Unicode char U+0430 (decimal 1072)
   defining Unicode char U+0431 (decimal 1073)
   defining Unicode char U+0432 (decimal 1074)
   defining Unicode char U+0433 (decimal 1075)
   defining Unicode char U+0434 (decimal 1076)
   defining Unicode char U+0435 (decimal 1077)
   defining Unicode char U+0436 (decimal 1078)
   defining Unicode char U+0437 (decimal 1079)
   defining Unicode char U+0438 (decimal 1080)
   defining Unicode char U+0439 (decimal 1081)
   defining Unicode char U+043A (decimal 1082)
   defining Unicode char U+043B (decimal 1083)
   defining Unicode char U+043C (decimal 1084)
   defining Unicode char U+043D (decimal 1085)
   defining Unicode char U+043E (decimal 1086)
   defining Unicode char U+043F (decimal 1087)
   defining Unicode char U+0440 (decimal 1088)
   defining Unicode char U+0441 (decimal 1089)
   defining Unicode char U+0442 (decimal 1090)
   defining Unicode char U+0443 (decimal 1091)
   defining Unicode char U+0444 (decimal 1092)
   defining Unicode char U+0445 (decimal 1093)
   defining Unicode char U+0446 (decimal 1094)
   defining Unicode char U+0447 (decimal 1095)
   defining Unicode char U+0448 (decimal 1096)
   defining Unicode char U+0449 (decimal 1097)
   defining Unicode char U+044A (decimal 1098)
   defining Unicode char U+044B (decimal 1099)
   defining Unicode char U+044C (decimal 1100)
   defining Unicode char U+044D (decimal 1101)
   defining Unicode char U+044E (decimal 1102)
   defining Unicode char U+044F (decimal 1103)
   defining Unicode char U+0450 (decimal 1104)
   defining Unicode char U+0451 (decimal 1105)
   defining Unicode char U+0452 (decimal 1106)
   defining Unicode char U+0453 (decimal 1107)
   defining Unicode char U+0454 (decimal 1108)
   defining Unicode char U+0455 (decimal 1109)
   defining Unicode char U+0456 (decimal 1110)
   defining Unicode char U+0457 (decimal 1111)
   defining Unicode char U+0458 (decimal 1112)
   defining Unicode char U+0459 (decimal 1113)
   defining Unicode char U+045A (decimal 1114)
   defining Unicode char U+045B (decimal 1115)
   defining Unicode char U+045C (decimal 1116)
   defining Unicode char U+045D (decimal 1117)
   defining Unicode char U+045E (decimal 1118)
   defining Unicode char U+045F (decimal 1119)
   defining Unicode char U+0490 (decimal 1168)
   defining Unicode char U+0491 (decimal 1169)
   defining Unicode char U+0492 (decimal 1170)
   defining Unicode char U+0493 (decimal 1171)
   defining Unicode char U+0496 (decimal 1174)
   defining Unicode char U+0497 (decimal 1175)
   defining Unicode char U+0498 (decimal 1176)
   defining Unicode char U+0499 (decimal 1177)
   defining Unicode char U+049A (decimal 1178)
   defining Unicode char U+049B (decimal 1179)
   defining Unicode char U+049C (decimal 1180)
   defining Unicode char U+049D (decimal 1181)
   defining Unicode char U+04A0 (decimal 1184)
   defining Unicode char U+04A1 (decimal 1185)
   defining Unicode char U+04A2 (decimal 1186)
   defining Unicode char U+04A3 (decimal 1187)
   defining Unicode char U+04A4 (decimal 1188)
   defining Unicode char U+04A5 (decimal 1189)
   defining Unicode char U+04AA (decimal 1194)
   defining Unicode char U+04AB (decimal 1195)
   defining Unicode char U+04AE (decimal 1198)
   defining Unicode char U+04AF (decimal 1199)
   defining Unicode char U+04B0 (decimal 1200)
   defining Unicode char U+04B1 (decimal 1201)
   defining Unicode char U+04B2 (decimal 1202)
   defining Unicode char U+04B3 (decimal 1203)
   defining Unicode char U+04B6 (decimal 1206)
   defining Unicode char U+04B7 (decimal 1207)
   defining Unicode char U+04B8 (decimal 1208)
   defining Unicode char U+04B9 (decimal 1209)
   defining Unicode char U+04BA (decimal 1210)
   defining Unicode char U+04BB (decimal 1211)
   defining Unicode char U+04C0 (decimal 1216)
   defining Unicode char U+04C1 (decimal 1217)
   defining Unicode char U+04C2 (decimal 1218)
   defining Unicode char U+04D0 (decimal 1232)
   defining Unicode char U+04D1 (decimal 1233)
   defining Unicode char U+04D2 (decimal 1234)
   defining Unicode char U+04D3 (decimal 1235)
   defining Unicode char U+04D4 (decimal 1236)
   defining Unicode char U+04D5 (decimal 1237)
   defining Unicode char U+04D6 (decimal 1238)
   defining Unicode char U+04D7 (decimal 1239)
   defining Unicode char U+04D8 (decimal 1240)
   defining Unicode char U+04D9 (decimal 1241)
   defining Unicode char U+04DA (decimal 1242)
   defining Unicode char U+04DB (decimal 1243)
   defining Unicode char U+04DC (decimal 1244)
   defining Unicode char U+04DD (decimal 1245)
   defining Unicode char U+04DE (decimal 1246)
   defining Unicode char U+04DF (decimal 1247)
   defining Unicode char U+04E2 (decimal 1250)
   defining Unicode char U+04E3 (decimal 1251)
   defining Unicode char U+04E4 (decimal 1252)
   defining Unicode char U+04E5 (decimal 1253)
   defining Unicode char U+04E6 (decimal 1254)
   defining Unicode char U+04E7 (decimal 1255)
   defining Unicode char U+04E8 (decimal 1256)
   defining Unicode char U+04E9 (decimal 1257)
   defining Unicode char U+04EC (decimal 1260)
   defining Unicode char U+04ED (decimal 1261)
   defining Unicode char U+04EE (decimal 1262)
   defining Unicode char U+04EF (decimal 1263)
   defining Unicode char U+04F0 (decimal 1264)
   defining Unicode char U+04F1 (decimal 1265)
   defining Unicode char U+04F2 (decimal 1266)
   defining Unicode char U+04F3 (decimal 1267)
   defining Unicode char U+04F4 (decimal 1268)
   defining Unicode char U+04F5 (decimal 1269)
   defining Unicode char U+04F8 (decimal 1272)
   defining Unicode char U+04F9 (decimal 1273)
   defining Unicode char U+200C (decimal 8204)
   defining Unicode char U+2013 (decimal 8211)
   defining Unicode char U+2014 (decimal 8212)
   defining Unicode char U+2018 (decimal 8216)
   defining Unicode char U+2019 (decimal 8217)
   defining Unicode char U+201C (decimal 8220)
   defining Unicode char U+201D (decimal 8221)
   defining Unicode char U+201E (decimal 8222)
   defining Unicode char U+2030 (decimal 8240)
   defining Unicode char U+2031 (decimal 8241)
   defining Unicode char U+2116 (decimal 8470)
   defining Unicode char U+2329 (decimal 9001)
   defining Unicode char U+232A (decimal 9002)
   defining Unicode char U+2423 (decimal 9251)
   defining Unicode char U+27E8 (decimal 10216)
   defining Unicode char U+27E9 (decimal 10217)
   defining Unicode char U+FB00 (decimal 64256)
   defining Unicode char U+FB01 (decimal 64257)
   defining Unicode char U+FB02 (decimal 64258)
   defining Unicode char U+FB03 (decimal 64259)
   defining Unicode char U+FB04 (decimal 64260)
   defining Unicode char U+FB05 (decimal 64261)
   defining Unicode char U+FB06 (decimal 64262)
))
LaTeX Font Info:    Trying to load font information for T2A+cmss on input line 
112.

(C:\Users\anton.sotnikov\AppData\Local\Programs\MiKTeX\tex/latex/cyrillic\t2acm
ss.fd
File: t2acmss.fd 2001/08/11 v1.0a Computer Modern Cyrillic font definitions
))
(C:\Users\anton.sotnikov\AppData\Local\Programs\MiKTeX\tex/latex/base\inputenc.
sty
Package: inputenc 2021/02/14 v1.3d Input encoding file
\inpenc@prehook=\toks45
\inpenc@posthook=\toks46
)
(C:\Users\anton.sotnikov\AppData\Local\Programs\MiKTeX\tex/generic/babel\babel.
sty
Package: babel 2022/02/26 3.73 The Babel package
\babel@savecnt=\count333
\U@D=\dimen292
\l@unhyphenated=\language79

(C:\Users\anton.sotnikov\AppData\Local\Programs\MiKTeX\tex/generic/babel\txtbab
el.def)
\bbl@readstream=\read3
LaTeX Info: Redefining \textlatin on input line 3969.
\bbl@dirlevel=\count334

*************************************
* Local config file bblopts.cfg used
*

(C:\Users\anton.sotnikov\AppData\Local\Programs\MiKTeX\tex/latex/arabi\bblopts.
cfg
File: bblopts.cfg 2005/09/08 v0.1 add Arabic and Farsi to "declared" options of
 babel
)
(C:\Users\anton.sotnikov\AppData\Local\Programs\MiKTeX\tex/latex/babel-english\
english.ldf
Language: english 2017/06/06 v3.3r English support from the babel system
Package babel Info: Hyphen rules for 'canadian' set to \l@english
(babel)             (\language0). Reported on input line 102.
Package babel Info: Hyphen rules for 'australian' set to \l@ukenglish
(babel)             (\language73). Reported on input line 105.
Package babel Info: Hyphen rules for 'newzealand' set to \l@ukenglish
(babel)             (\language73). Reported on input line 108.
)
(C:\Users\anton.sotnikov\AppData\Local\Programs\MiKTeX\tex/latex/babel-russian\
russianb.ldf
File: russianb.ldf 2021/01/10 1.3m Russian support for the Babel system
Language: russian 2020/09/09 1.3k Russian support for the Babel system
Package babel Info: Making " an active character on input line 124.
Package babel Info: Default for \cyrdash is provided on input line 163.
))
(C:\Users\anton.sotnikov\AppData\Local\Programs\MiKTeX\tex/latex/t2\mathtext.st
y
Package: mathtext 2018/04/13 v1.1 transparent text-and-math defs
LaTeX Info: Redefining \halign on input line 119.
)
(C:\Users\anton.sotnikov\AppData\Local\Programs\MiKTeX\tex/latex/cite\cite.sty
LaTeX Info: Redefining \cite on input line 302.
LaTeX Info: Redefining \nocite on input line 332.
Package: cite 2015/02/27  v 5.5
)
(C:\Users\anton.sotnikov\AppData\Local\Programs\MiKTeX\tex/latex/float\float.st
y
Package: float 2001/11/08 v1.3d Float enhancements (AL)
\c@float@type=\count335
\float@exts=\toks47
\float@box=\box75
\@float@everytoks=\toks48
\@floatcapt=\box76
)
(C:\Users\anton.sotnikov\AppData\Local\Programs\MiKTeX\tex/latex/tools\indentfi
rst.sty
Package: indentfirst 1995/11/23 v1.03 Indent first paragraph (DPC)
)
(C:\Users\anton.sotnikov\AppData\Local\Programs\MiKTeX\tex/latex/adjustbox\adju
stbox.sty
Package: adjustbox 2020/08/19 v1.3 Adjusting TeX boxes (trim, clip, ...)

(C:\Users\anton.sotnikov\AppData\Local\Programs\MiKTeX\tex/latex/xkeyval\xkeyva
l.sty
Package: xkeyval 2020/11/20 v2.8 package option processing (HA)

(C:\Users\anton.sotnikov\AppData\Local\Programs\MiKTeX\tex/generic/xkeyval\xkey
val.tex
(C:\Users\anton.sotnikov\AppData\Local\Programs\MiKTeX\tex/generic/xkeyval\xkvu
tils.tex
\XKV@toks=\toks49
\XKV@tempa@toks=\toks50
)
\XKV@depth=\count336
File: xkeyval.tex 2014/12/03 v2.7a key=value parser (HA)
))
(C:\Users\anton.sotnikov\AppData\Local\Programs\MiKTeX\tex/latex/adjustbox\adjc
alc.sty
Package: adjcalc 2012/05/16 v1.1 Provides advanced setlength with multiple back
-ends (calc, etex, pgfmath)
)
(C:\Users\anton.sotnikov\AppData\Local\Programs\MiKTeX\tex/latex/adjustbox\trim
clip.sty
Package: trimclip 2020/08/19 v1.2 Trim and clip general TeX material

(C:\Users\anton.sotnikov\AppData\Local\Programs\MiKTeX\tex/latex/collectbox\col
lectbox.sty
Package: collectbox 2012/05/17 v0.4b Collect macro arguments as boxes
\collectedbox=\box77
)
\tc@llx=\dimen293
\tc@lly=\dimen294
\tc@urx=\dimen295
\tc@ury=\dimen296
Package trimclip Info: Using driver 'tc-pdftex.def'.

(C:\Users\anton.sotnikov\AppData\Local\Programs\MiKTeX\tex/latex/adjustbox\tc-p
dftex.def
File: tc-pdftex.def 2019/01/04 v2.2 Clipping driver for pdftex
))
\adjbox@Width=\dimen297
\adjbox@Height=\dimen298
\adjbox@Depth=\dimen299
\adjbox@Totalheight=\dimen300
\adjbox@pwidth=\dimen301
\adjbox@pheight=\dimen302
\adjbox@pdepth=\dimen303
\adjbox@ptotalheight=\dimen304

(C:\Users\anton.sotnikov\AppData\Local\Programs\MiKTeX\tex/latex/ifoddpage\ifod
dpage.sty
Package: ifoddpage 2016/04/23 v1.1 Conditionals for odd/even page detection
\c@checkoddpage=\count337
)
(C:\Users\anton.sotnikov\AppData\Local\Programs\MiKTeX\tex/latex/varwidth\varwi
dth.sty
Package: varwidth 2009/03/30 ver 0.92;  Variable-width minipages
\@vwid@box=\box78
\sift@deathcycles=\count338
\@vwid@loff=\dimen305
\@vwid@roff=\dimen306
))
(C:\Users\anton.sotnikov\AppData\Local\Programs\MiKTeX\tex/latex/environ\enviro
n.sty
Package: environ 2014/05/04 v0.3 A new way to define environments

(C:\Users\anton.sotnikov\AppData\Local\Programs\MiKTeX\tex/latex/trimspaces\tri
mspaces.sty
Package: trimspaces 2009/09/17 v1.1 Trim spaces around a token list
))
(C:\Users\anton.sotnikov\AppData\Local\Programs\MiKTeX\tex/latex/biblatex\bibla
tex.sty
Package: biblatex 2022/02/02 v3.17 programmable bibliographies (PK/MW)

(C:\Users\anton.sotnikov\AppData\Local\Programs\MiKTeX\tex/latex/logreq\logreq.
sty
Package: logreq 2010/08/04 v1.0 xml request logger
\lrq@indent=\count339

(C:\Users\anton.sotnikov\AppData\Local\Programs\MiKTeX\tex/latex/logreq\logreq.
def
File: logreq.def 2010/08/04 v1.0 logreq spec v1.0
))
(C:\Users\anton.sotnikov\AppData\Local\Programs\MiKTeX\tex/latex/base\ifthen.st
y
Package: ifthen 2020/11/24 v1.1c Standard LaTeX ifthen package (DPC)
)

! Package biblatex Error: Incompatible package 'cite'.

See the biblatex package documentation for explanation.
Type  H <return>  for immediate help.
 ...                                              
                                                  
l.204 \blx@packageincompatibility
                                 
The 'cite' package and biblatex are incompatible.

\c@tabx@nest=\count340
\c@listtotal=\count341
\c@listcount=\count342
\c@liststart=\count343
\c@liststop=\count344
\c@citecount=\count345
\c@citetotal=\count346
\c@multicitecount=\count347
\c@multicitetotal=\count348
\c@instcount=\count349
\c@maxnames=\count350
\c@minnames=\count351
\c@maxitems=\count352
\c@minitems=\count353
\c@citecounter=\count354
\c@maxcitecounter=\count355
\c@savedcitecounter=\count356
\c@uniquelist=\count357
\c@uniquename=\count358
\c@refsection=\count359
\c@refsegment=\count360
\c@maxextratitle=\count361
\c@maxextratitleyear=\count362
\c@maxextraname=\count363
\c@maxextradate=\count364
\c@maxextraalpha=\count365
\c@abbrvpenalty=\count366
\c@highnamepenalty=\count367
\c@lownamepenalty=\count368
\c@maxparens=\count369
\c@parenlevel=\count370
\blx@tempcnta=\count371
\blx@tempcntb=\count372
\blx@tempcntc=\count373
\c@blx@maxsection=\count374
\c@blx@maxsegment@0=\count375
\blx@notetype=\count376
\blx@parenlevel@text=\count377
\blx@parenlevel@foot=\count378
\c@blx@sectionciteorder@0=\count379
\blx@entrysetcounter=\count380
\blx@biblioinstance=\count381
\labelnumberwidth=\skip64
\labelalphawidth=\skip65
\biblabelsep=\skip66
\bibitemsep=\skip67
\bibnamesep=\skip68
\bibinitsep=\skip69
\bibparsep=\skip70
\bibhang=\skip71
\blx@bcfin=\read4
\blx@bcfout=\write5
\blx@langwohyphens=\language80
\c@mincomprange=\count382
\c@maxcomprange=\count383
\c@mincompwidth=\count384
Package biblatex Info: Trying to load biblatex default data model...
Package biblatex Info: ... file 'blx-dm.def' found.

(C:\Users\anton.sotnikov\AppData\Local\Programs\MiKTeX\tex/latex/biblatex\blx-d
m.def
File: blx-dm.def 2022/02/02 v3.17 biblatex localization (PK/MW)
)
Package biblatex Info: Trying to load biblatex custom data model...
Package biblatex Info: ... file 'biblatex-dm.cfg' not found.
\c@afterword=\count385
\c@savedafterword=\count386
\c@annotator=\count387
\c@savedannotator=\count388
\c@author=\count389
\c@savedauthor=\count390
\c@bookauthor=\count391
\c@savedbookauthor=\count392
\c@commentator=\count393
\c@savedcommentator=\count394
\c@editor=\count395
\c@savededitor=\count396
\c@editora=\count397
\c@savededitora=\count398
\c@editorb=\count399
\c@savededitorb=\count400
\c@editorc=\count401
\c@savededitorc=\count402
\c@foreword=\count403
\c@savedforeword=\count404
\c@holder=\count405
\c@savedholder=\count406
\c@introduction=\count407
\c@savedintroduction=\count408
\c@namea=\count409
\c@savednamea=\count410
\c@nameb=\count411
\c@savednameb=\count412
\c@namec=\count413
\c@savednamec=\count414
\c@translator=\count415
\c@savedtranslator=\count416
\c@shortauthor=\count417
\c@savedshortauthor=\count418
\c@shorteditor=\count419
\c@savedshorteditor=\count420
\c@labelname=\count421
\c@savedlabelname=\count422
\c@institution=\count423
\c@savedinstitution=\count424
\c@lista=\count425
\c@savedlista=\count426
\c@listb=\count427
\c@savedlistb=\count428
\c@listc=\count429
\c@savedlistc=\count430
\c@listd=\count431
\c@savedlistd=\count432
\c@liste=\count433
\c@savedliste=\count434
\c@listf=\count435
\c@savedlistf=\count436
\c@location=\count437
\c@savedlocation=\count438
\c@organization=\count439
\c@savedorganization=\count440
\c@origlocation=\count441
\c@savedoriglocation=\count442
\c@origpublisher=\count443
\c@savedorigpublisher=\count444
\c@publisher=\count445
\c@savedpublisher=\count446
\c@language=\count447
\c@savedlanguage=\count448
\c@origlanguage=\count449
\c@savedoriglanguage=\count450
\c@pageref=\count451
\c@savedpageref=\count452
\shorthandwidth=\skip72
\shortjournalwidth=\skip73
\shortserieswidth=\skip74
\shorttitlewidth=\skip75
\shortauthorwidth=\skip76
\shorteditorwidth=\skip77
\locallabelnumberwidth=\skip78
\locallabelalphawidth=\skip79
\localshorthandwidth=\skip80
\localshortjournalwidth=\skip81
\localshortserieswidth=\skip82
\localshorttitlewidth=\skip83
\localshortauthorwidth=\skip84
\localshorteditorwidth=\skip85
Package biblatex Info: Trying to load compatibility code...
Package biblatex Info: ... file 'blx-compat.def' found.

(C:\Users\anton.sotnikov\AppData\Local\Programs\MiKTeX\tex/latex/biblatex\blx-c
ompat.def
File: blx-compat.def 2022/02/02 v3.17 biblatex compatibility (PK/MW)
)
Package biblatex Info: Trying to load generic definitions...
Package biblatex Info: ... file 'biblatex.def' found.

(C:\Users\anton.sotnikov\AppData\Local\Programs\MiKTeX\tex/latex/biblatex\bibla
tex.def
File: biblatex.def 2022/02/02 v3.17 biblatex compatibility (PK/MW)
\c@textcitecount=\count453
\c@textcitetotal=\count454
\c@textcitemaxnames=\count455
\c@biburlbigbreakpenalty=\count456
\c@biburlbreakpenalty=\count457
\c@biburlnumpenalty=\count458
\c@biburlucpenalty=\count459
\c@biburllcpenalty=\count460
\biburlbigskip=\muskip18
\biburlnumskip=\muskip19
\biburlucskip=\muskip20
\biburllcskip=\muskip21
\c@smartand=\count461
)
Package biblatex Info: Trying to load bibliography style 'numeric'...
Package biblatex Info: ... file 'numeric.bbx' found.

(C:\Users\anton.sotnikov\AppData\Local\Programs\MiKTeX\tex/latex/biblatex/bbx\n
umeric.bbx
File: numeric.bbx 2022/02/02 v3.17 biblatex bibliography style (PK/MW)
Package biblatex Info: Trying to load bibliography style 'standard'...
Package biblatex Info: ... file 'standard.bbx' found.

(C:\Users\anton.sotnikov\AppData\Local\Programs\MiKTeX\tex/latex/biblatex/bbx\s
tandard.bbx
File: standard.bbx 2022/02/02 v3.17 biblatex bibliography style (PK/MW)
\c@bbx:relatedcount=\count462
\c@bbx:relatedtotal=\count463
))
Package biblatex Info: Trying to load citation style 'numeric'...
Package biblatex Info: ... file 'numeric.cbx' found.

(C:\Users\anton.sotnikov\AppData\Local\Programs\MiKTeX\tex/latex/biblatex/cbx\n
umeric.cbx
File: numeric.cbx 2022/02/02 v3.17 biblatex citation style (PK/MW)
Package biblatex Info: Redefining '\cite'.
Package biblatex Info: Redefining '\parencite'.
Package biblatex Info: Redefining '\footcite'.
Package biblatex Info: Redefining '\footcitetext'.
Package biblatex Info: Redefining '\smartcite'.
Package biblatex Info: Redefining '\supercite'.
Package biblatex Info: Redefining '\textcite'.
Package biblatex Info: Redefining '\textcites'.
Package biblatex Info: Redefining '\cites'.
Package biblatex Info: Redefining '\parencites'.
Package biblatex Info: Redefining '\smartcites'.
)
Package biblatex Info: Trying to load configuration file...
Package biblatex Info: ... file 'biblatex.cfg' found.

(C:\Users\anton.sotnikov\AppData\Local\Programs\MiKTeX\tex/latex/biblatex\bibla
tex.cfg
File: biblatex.cfg 
)
Package biblatex Info: Input encoding 'utf8' detected.
Package biblatex Info: Document encoding is UTF8 ....

(C:\Users\anton.sotnikov\AppData\Local\Programs\MiKTeX\tex/latex/l3kernel\expl3
.sty
Package: expl3 2022-02-24 L3 programming layer (loader) 

(C:\Users\anton.sotnikov\AppData\Local\Programs\MiKTeX\tex/latex/l3backend\l3ba
ckend-pdftex.def
File: l3backend-pdftex.def 2022-02-07 L3 backend support: PDF output (pdfTeX)
\l__color_backend_stack_int=\count464
\l__pdf_internal_box=\box79
))
Package biblatex Info: ... and expl3
(biblatex)             2022-02-24 L3 programming layer (loader) 
(biblatex)             is new enough (at least 2020/04/06),
(biblatex)             setting 'casechanger=expl3'.

(C:\Users\anton.sotnikov\AppData\Local\Programs\MiKTeX\tex/latex/biblatex\blx-c
ase-expl3.sty
(C:\Users\anton.sotnikov\AppData\Local\Programs\MiKTeX\tex/latex/l3packages/xpa
rse\xparse.sty
Package: xparse 2022-01-12 L3 Experimental document command parser
)
Package: blx-case-expl3 2022/02/02 v3.17 expl3 case changing code for biblatex
))
(C:\Users\anton.sotnikov\AppData\Local\Programs\MiKTeX\tex/generic/soul\soul.st
y
Package: soul 2003/11/17 v2.4 letterspacing/underlining (mf)
\SOUL@word=\toks51
\SOUL@lasttoken=\toks52
\SOUL@cmds=\toks53
\SOUL@buffer=\toks54
\SOUL@token=\toks55
\SOUL@spaceskip=\skip86
\SOUL@ttwidth=\dimen307
\SOUL@uldp=\dimen308
\SOUL@ulht=\dimen309
)
(C:\Users\anton.sotnikov\AppData\Local\Programs\MiKTeX\tex/latex/lipsum\lipsum.
sty
(C:\Users\anton.sotnikov\AppData\Local\Programs\MiKTeX\tex/latex/l3packages/l3k
eys2e\l3keys2e.sty
Package: l3keys2e 2022-01-12 LaTeX2e option processing using LaTeX3 keys
)
Package: lipsum 2021-09-20 v2.7 150 paragraphs of Lorem Ipsum dummy text
\g__lipsum_par_int=\count465
\l__lipsum_a_int=\count466
\l__lipsum_b_int=\count467

(C:\Users\anton.sotnikov\AppData\Local\Programs\MiKTeX\tex/latex/lipsum\lipsum.
ltd.tex))
(C:\Users\anton.sotnikov\AppData\Local\Programs\MiKTeX\tex/latex/beamer\beamert
hemeFrankfurt.sty
(C:\Users\anton.sotnikov\AppData\Local\Programs\MiKTeX\tex/latex/beamer\beamero
uterthemesmoothbars.sty)
(C:\Users\anton.sotnikov\AppData\Local\Programs\MiKTeX\tex/latex/beamer\beameri
nnerthemerounded.sty)
(C:\Users\anton.sotnikov\AppData\Local\Programs\MiKTeX\tex/latex/beamer\beamerc
olorthemeorchid.sty)
(C:\Users\anton.sotnikov\AppData\Local\Programs\MiKTeX\tex/latex/beamer\beamerc
olorthemewhale.sty))
(C:\Users\anton.sotnikov\AppData\Local\Programs\MiKTeX\tex/latex/beamer\beamerf
ontthemeprofessionalfonts.sty)
\c@ttheorem=\count468


Package hyperref Warning: Token not allowed in a PDF string (Unicode):
(hyperref)                removing `\\' on input line 59.


Package hyperref Warning: Token not allowed in a PDF string (Unicode):
(hyperref)                removing `\\' on input line 59.


Package hyperref Warning: Token not allowed in a PDF string (Unicode):
(hyperref)                removing `\new@ifnextchar' on input line 59.


Package hyperref Warning: Token not allowed in a PDF string (Unicode):
(hyperref)                removing `\\' on input line 59.


Package hyperref Warning: Token not allowed in a PDF string (Unicode):
(hyperref)                removing `\new@ifnextchar' on input line 59.


Package biblatex Warning: 'babel/polyglossia' detected but 'csquotes' missing.
(biblatex)                Loading 'csquotes' recommended.

\@quotelevel=\count469
\@quotereset=\count470
(MS_Thesis_Sotnikov2022_slides.aux)
\openout1 = `MS_Thesis_Sotnikov2022_slides.aux'.

LaTeX Font Info:    Checking defaults for OML/cmm/m/it on input line 62.
LaTeX Font Info:    ... okay on input line 62.
LaTeX Font Info:    Checking defaults for OMS/cmsy/m/n on input line 62.
LaTeX Font Info:    ... okay on input line 62.
LaTeX Font Info:    Checking defaults for OT1/cmr/m/n on input line 62.
LaTeX Font Info:    ... okay on input line 62.
LaTeX Font Info:    Checking defaults for T1/cmr/m/n on input line 62.
LaTeX Font Info:    ... okay on input line 62.
LaTeX Font Info:    Checking defaults for TS1/cmr/m/n on input line 62.
LaTeX Font Info:    ... okay on input line 62.
LaTeX Font Info:    Checking defaults for OMX/cmex/m/n on input line 62.
LaTeX Font Info:    ... okay on input line 62.
LaTeX Font Info:    Checking defaults for U/cmr/m/n on input line 62.
LaTeX Font Info:    ... okay on input line 62.
LaTeX Font Info:    Checking defaults for PD1/pdf/m/n on input line 62.
LaTeX Font Info:    ... okay on input line 62.
LaTeX Font Info:    Checking defaults for PU/pdf/m/n on input line 62.
LaTeX Font Info:    ... okay on input line 62.
LaTeX Font Info:    Checking defaults for T2A/cmr/m/n on input line 62.
LaTeX Font Info:    Trying to load font information for T2A+cmr on input line 6
2.

(C:\Users\anton.sotnikov\AppData\Local\Programs\MiKTeX\tex/latex/cyrillic\t2acm
r.fd
File: t2acmr.fd 2001/08/11 v1.0a Computer Modern Cyrillic font definitions
)
LaTeX Font Info:    ... okay on input line 62.

*geometry* driver: auto-detecting
*geometry* detected driver: pdftex
*geometry* verbose mode - [ preamble ] result:
* driver: pdftex
* paper: custom
* layout: <same size as paper>
* layoutoffset:(h,v)=(0.0pt,0.0pt)
* modes: includehead includefoot 
* h-part:(L,W,R)=(28.45274pt, 307.28987pt, 28.45274pt)
* v-part:(T,H,B)=(0.0pt, 273.14662pt, 0.0pt)
* \paperwidth=364.19536pt
* \paperheight=273.14662pt
* \textwidth=307.28987pt
* \textheight=244.6939pt
* \oddsidemargin=-43.81725pt
* \evensidemargin=-43.81725pt
* \topmargin=-72.26999pt
* \headheight=14.22636pt
* \headsep=0.0pt
* \topskip=9.0pt
* \footskip=14.22636pt
* \marginparwidth=4.0pt
* \marginparsep=10.0pt
* \columnsep=10.0pt
* \skip\footins=8.0pt plus 4.0pt minus 2.0pt
* \hoffset=0.0pt
* \voffset=0.0pt
* \mag=1000
* \@twocolumnfalse
* \@twosidefalse
* \@mparswitchfalse
* \@reversemarginfalse
* (1in=72.27pt=25.4mm, 1cm=28.453pt)


(C:\Users\anton.sotnikov\AppData\Local\Programs\MiKTeX\tex/context/base/mkii\su
pp-pdf.mkii
[Loading MPS to PDF converter (version 2006.09.02).]
\scratchcounter=\count471
\scratchdimen=\dimen310
\scratchbox=\box80
\nofMPsegments=\count472
\nofMParguments=\count473
\everyMPshowfont=\toks56
\MPscratchCnt=\count474
\MPscratchDim=\dimen311
\MPnumerator=\count475
\makeMPintoPDFobject=\count476
\everyMPtoPDFconversion=\toks57
)
(C:\Users\anton.sotnikov\AppData\Local\Programs\MiKTeX\tex/latex/epstopdf-pkg\e
pstopdf-base.sty
Package: epstopdf-base 2020-01-24 v2.11 Base part for package epstopdf
Package epstopdf-base Info: Redefining graphics rule for `.eps' on input line 4
85.

(C:\Users\anton.sotnikov\AppData\Local\Programs\MiKTeX\tex/latex/00miktex\epsto
pdf-sys.cfg
File: epstopdf-sys.cfg 2021/03/18 v2.0 Configuration of epstopdf for MiKTeX
))
Package hyperref Info: Link coloring OFF on input line 62.

(C:\Users\anton.sotnikov\AppData\Local\Programs\MiKTeX\tex/latex/hyperref\namer
ef.sty
Package: nameref 2021-04-02 v2.47 Cross-referencing by name of section

(C:\Users\anton.sotnikov\AppData\Local\Programs\MiKTeX\tex/latex/refcount\refco
unt.sty
Package: refcount 2019/12/15 v3.6 Data extraction from label references (HO)
)
(C:\Users\anton.sotnikov\AppData\Local\Programs\MiKTeX\tex/generic/gettitlestri
ng\gettitlestring.sty
Package: gettitlestring 2019/12/15 v1.6 Cleanup title references (HO)
)
\c@section@level=\count477
)
LaTeX Info: Redefining \ref on input line 62.
LaTeX Info: Redefining \pageref on input line 62.
LaTeX Info: Redefining \nameref on input line 62.
 (MS_Thesis_Sotnikov2022_slides.out)
(MS_Thesis_Sotnikov2022_slides.out)
\@outlinefile=\write6
\openout6 = `MS_Thesis_Sotnikov2022_slides.out'.


(C:\Users\anton.sotnikov\AppData\Local\Programs\MiKTeX\tex/latex/translator\tra
nslator-basic-dictionary-English.dict
Dictionary: translator-basic-dictionary, Language: English 
)
(C:\Users\anton.sotnikov\AppData\Local\Programs\MiKTeX\tex/latex/translator\tra
nslator-bibliography-dictionary-English.dict
Dictionary: translator-bibliography-dictionary, Language: English 
)
(C:\Users\anton.sotnikov\AppData\Local\Programs\MiKTeX\tex/latex/translator\tra
nslator-environment-dictionary-English.dict
Dictionary: translator-environment-dictionary, Language: English 
)
(C:\Users\anton.sotnikov\AppData\Local\Programs\MiKTeX\tex/latex/translator\tra
nslator-months-dictionary-English.dict
Dictionary: translator-months-dictionary, Language: English 
)
(C:\Users\anton.sotnikov\AppData\Local\Programs\MiKTeX\tex/latex/translator\tra
nslator-numbers-dictionary-English.dict
Dictionary: translator-numbers-dictionary, Language: English 
)
(C:\Users\anton.sotnikov\AppData\Local\Programs\MiKTeX\tex/latex/translator\tra
nslator-theorem-dictionary-English.dict
Dictionary: translator-theorem-dictionary, Language: English 
)
LaTeX Info: Redefining \th on input line 62.
Package biblatex Info: Trying to load language 'russian'...
Package biblatex Info: ... file 'russian.lbx' found.

(C:\Users\anton.sotnikov\AppData\Local\Programs\MiKTeX\tex/latex/biblatex/lbx\r
ussian.lbx
File: russian.lbx 2022/02/02 v3.17 biblatex localization (PK/MW)
)
Package biblatex Info: Trying to load language 'english'...
Package biblatex Info: ... file 'english.lbx' found.

(C:\Users\anton.sotnikov\AppData\Local\Programs\MiKTeX\tex/latex/biblatex/lbx\e
nglish.lbx
File: english.lbx 2022/02/02 v3.17 biblatex localization (PK/MW)
)
Package biblatex Info: Input encoding 'utf8' detected.
Package biblatex Info: Automatic encoding selection.
(biblatex)             Assuming data encoding 'utf8'.
\openout5 = `MS_Thesis_Sotnikov2022_slides.bcf'.

Package biblatex Info: Trying to load bibliographic data...
Package biblatex Info: ... file 'MS_Thesis_Sotnikov2022_slides.bbl' not found.

No file MS_Thesis_Sotnikov2022_slides.bbl.
Package biblatex Info: Reference section=0 on input line 62.
Package biblatex Info: Reference segment=0 on input line 62.
(MS_Thesis_Sotnikov2022_slides.nav) [1{C:/Users/anton.sotnikov/AppData/Local/Mi
KTeX/fonts/map/pdftex/pdftex.map}

] [2

]
LaTeX Font Info:    Trying to load font information for U+msa on input line 84.


(C:\Users\anton.sotnikov\AppData\Local\Programs\MiKTeX\tex/latex/amsfonts\umsa.
fd
File: umsa.fd 2013/01/14 v3.01 AMS symbols A
)
LaTeX Font Info:    Trying to load font information for U+msb on input line 84.


(C:\Users\anton.sotnikov\AppData\Local\Programs\MiKTeX\tex/latex/amsfonts\umsb.
fd
File: umsb.fd 2013/01/14 v3.01 AMS symbols B
)

LaTeX Warning: Citation 'DBLP:journals/corr/abs-1806-09055' on page 3 undefined
 on input line 84.

[3

]

LaTeX Warning: Citation 'DBLP:journals/corr/ZophVSL17' on page 4 undefined on i
nput line 95.

[4

]
LaTeX Font Info:    Trying to load font information for U+euf on input line 109
.

(C:\Users\anton.sotnikov\AppData\Local\Programs\MiKTeX\tex/latex/amsfonts\ueuf.
fd
File: ueuf.fd 2013/01/14 v3.01 Euler Fraktur
) [5

] [6

] [7

] [8

] [9

] [10

] [11

]
\tf@nav=\write7
\openout7 = `MS_Thesis_Sotnikov2022_slides.nav'.

\tf@toc=\write8
\openout8 = `MS_Thesis_Sotnikov2022_slides.toc'.

\tf@snm=\write9
\openout9 = `MS_Thesis_Sotnikov2022_slides.snm'.

 (MS_Thesis_Sotnikov2022_slides.aux)

LaTeX Warning: There were undefined references.

Package rerunfilecheck Info: File `MS_Thesis_Sotnikov2022_slides.out' has not c
hanged.
(rerunfilecheck)             Checksum: EA4718518FB21D87763B73CD209E3C6D;1077.

Package biblatex Warning: Please (re)run Biber on the file:
(biblatex)                MS_Thesis_Sotnikov2022_slides
(biblatex)                and rerun LaTeX afterwards.

Package logreq Info: Writing requests to 'MS_Thesis_Sotnikov2022_slides.run.xml
'.
\openout1 = `MS_Thesis_Sotnikov2022_slides.run.xml'.

 ) 
Here is how much of TeX's memory you used:
 32866 strings out of 478582
 654979 string characters out of 2840096
 1466488 words of memory out of 3000000
 50383 multiletter control sequences out of 15000+600000
 481011 words of font info for 58 fonts, out of 8000000 for 9000
 1141 hyphenation exceptions out of 8191
 128i,20n,122p,818b,1678s stack positions out of 10000i,1000n,20000p,200000b,80000s
 <C:\Users\anton.sotnikov\AppData\Local\MiKTeX\fonts/pk/ljfour/lh/lh-t2a/dpi6
00\lasx0900.pk> <C:\Users\anton.sotnikov\AppData\Local\MiKTeX\fonts/pk/ljfour/l
h/lh-t2a/dpi600\lass0900.pk> <C:\Users\anton.sotnikov\AppData\Local\MiKTeX\font
s/pk/ljfour/lh/lh-t2a/dpi600\lass0800.pk> <C:\Users\anton.sotnikov\AppData\Loca
l\MiKTeX\fonts/pk/ljfour/lh/lh-t2a/dpi600\lass1095.pk> <C:\Users\anton.sotnikov
\AppData\Local\MiKTeX\fonts/pk/ljfour/lh/lh-t2a/dpi600\lass0500.pk><C:/Users/an
ton.sotnikov/AppData/Local/Programs/MiKTeX/fonts/type1/public/amsfonts/cm/cmbx6
.pfb><C:/Users/anton.sotnikov/AppData/Local/Programs/MiKTeX/fonts/type1/public/
amsfonts/cm/cmbx9.pfb><C:/Users/anton.sotnikov/AppData/Local/Programs/MiKTeX/fo
nts/type1/public/amsfonts/cmextra/cmex9.pfb><C:/Users/anton.sotnikov/AppData/Lo
cal/Programs/MiKTeX/fonts/type1/public/amsfonts/cm/cmmi6.pfb><C:/Users/anton.so
tnikov/AppData/Local/Programs/MiKTeX/fonts/type1/public/amsfonts/cm/cmmi9.pfb><
C:/Users/anton.sotnikov/AppData/Local/Programs/MiKTeX/fonts/type1/public/amsfon
ts/cm/cmr6.pfb><C:/Users/anton.sotnikov/AppData/Local/Programs/MiKTeX/fonts/typ
e1/public/amsfonts/cm/cmr9.pfb><C:/Users/anton.sotnikov/AppData/Local/Programs/
MiKTeX/fonts/type1/public/amsfonts/cm/cmsy6.pfb><C:/Users/anton.sotnikov/AppDat
a/Local/Programs/MiKTeX/fonts/type1/public/amsfonts/cm/cmsy9.pfb><C:/Users/anto
n.sotnikov/AppData/Local/Programs/MiKTeX/fonts/type1/public/amsfonts/euler/eufm
10.pfb>
Output written on MS_Thesis_Sotnikov2022_slides.pdf (11 pages, 283701 bytes).
PDF statistics:
 866 PDF objects out of 1000 (max. 8388607)
 30 named destinations out of 1000 (max. 500000)
 171 words of extra memory for PDF output out of 10000 (max. 10000000)

