This is pdfTeX, Version 3.141592653-2.6-1.40.24 (MiKTeX 22.3) (preloaded format=pdflatex 2022.5.15)  23 MAY 2022 18:37
entering extended mode
 restricted \write18 enabled.
 %&-line parsing enabled.
**./MS_Thesis_Sotnikov2022_diploma.tex
(MS_Thesis_Sotnikov2022_diploma.tex
LaTeX2e <2021-11-15> patch level 1
L3 programming layer <2022-02-24>
(C:\Users\anton.sotnikov\AppData\Local\Programs\MiKTeX\tex/latex/base\article.c
ls
Document Class: article 2021/10/04 v1.4n Standard LaTeX document class

(C:\Users\anton.sotnikov\AppData\Local\Programs\MiKTeX\tex/latex/base\size12.cl
o
File: size12.clo 2021/10/04 v1.4n Standard LaTeX file (size option)
)
\c@part=\count185
\c@section=\count186
\c@subsection=\count187
\c@subsubsection=\count188
\c@paragraph=\count189
\c@subparagraph=\count190
\c@figure=\count191
\c@table=\count192
\abovecaptionskip=\skip47
\belowcaptionskip=\skip48
\bibindent=\dimen138
) (Diplo.sty
(C:\Users\anton.sotnikov\AppData\Local\Programs\MiKTeX\tex/latex/base\inputenc.
sty
Package: inputenc 2021/02/14 v1.3d Input encoding file
\inpenc@prehook=\toks16
\inpenc@posthook=\toks17
)
(C:\Users\anton.sotnikov\AppData\Local\Programs\MiKTeX\tex/latex/amsfonts\amssy
mb.sty
Package: amssymb 2013/01/14 v3.01 AMS font symbols

(C:\Users\anton.sotnikov\AppData\Local\Programs\MiKTeX\tex/latex/amsfonts\amsfo
nts.sty
Package: amsfonts 2013/01/14 v3.01 Basic AMSFonts support
\@emptytoks=\toks18
\symAMSa=\mathgroup4
\symAMSb=\mathgroup5
LaTeX Font Info:    Redeclaring math symbol \hbar on input line 98.
LaTeX Font Info:    Overwriting math alphabet `\mathfrak' in version `bold'
(Font)                  U/euf/m/n --> U/euf/b/n on input line 106.
))
(C:\Users\anton.sotnikov\AppData\Local\Programs\MiKTeX\tex/latex/amsmath\amsmat
h.sty
Package: amsmath 2021/10/15 v2.17l AMS math features
\@mathmargin=\skip49

For additional information on amsmath, use the `?' option.

(C:\Users\anton.sotnikov\AppData\Local\Programs\MiKTeX\tex/latex/amsmath\amstex
t.sty
Package: amstext 2021/08/26 v2.01 AMS text

(C:\Users\anton.sotnikov\AppData\Local\Programs\MiKTeX\tex/latex/amsmath\amsgen
.sty
File: amsgen.sty 1999/11/30 v2.0 generic functions
\@emptytoks=\toks19
\ex@=\dimen139
))
(C:\Users\anton.sotnikov\AppData\Local\Programs\MiKTeX\tex/latex/amsmath\amsbsy
.sty
Package: amsbsy 1999/11/29 v1.2d Bold Symbols
\pmbraise@=\dimen140
)
(C:\Users\anton.sotnikov\AppData\Local\Programs\MiKTeX\tex/latex/amsmath\amsopn
.sty
Package: amsopn 2021/08/26 v2.02 operator names
)
\inf@bad=\count193
LaTeX Info: Redefining \frac on input line 234.
\uproot@=\count194
\leftroot@=\count195
LaTeX Info: Redefining \overline on input line 399.
\classnum@=\count196
\DOTSCASE@=\count197
LaTeX Info: Redefining \ldots on input line 496.
LaTeX Info: Redefining \dots on input line 499.
LaTeX Info: Redefining \cdots on input line 620.
\Mathstrutbox@=\box50
\strutbox@=\box51
\big@size=\dimen141
LaTeX Font Info:    Redeclaring font encoding OML on input line 743.
LaTeX Font Info:    Redeclaring font encoding OMS on input line 744.
\macc@depth=\count198
\c@MaxMatrixCols=\count199
\dotsspace@=\muskip16
\c@parentequation=\count266
\dspbrk@lvl=\count267
\tag@help=\toks20
\row@=\count268
\column@=\count269
\maxfields@=\count270
\andhelp@=\toks21
\eqnshift@=\dimen142
\alignsep@=\dimen143
\tagshift@=\dimen144
\tagwidth@=\dimen145
\totwidth@=\dimen146
\lineht@=\dimen147
\@envbody=\toks22
\multlinegap=\skip50
\multlinetaggap=\skip51
\mathdisplay@stack=\toks23
LaTeX Info: Redefining \[ on input line 2938.
LaTeX Info: Redefining \] on input line 2939.
)
(C:\Users\anton.sotnikov\AppData\Local\Programs\MiKTeX\tex/generic/babel\babel.
sty
Package: babel 2022/02/26 3.73 The Babel package
\babel@savecnt=\count271
\U@D=\dimen148
\l@unhyphenated=\language79

(C:\Users\anton.sotnikov\AppData\Local\Programs\MiKTeX\tex/generic/babel\txtbab
el.def)
\bbl@readstream=\read2
\bbl@dirlevel=\count272

*************************************
* Local config file bblopts.cfg used
*

(C:\Users\anton.sotnikov\AppData\Local\Programs\MiKTeX\tex/latex/arabi\bblopts.
cfg
File: bblopts.cfg 2005/09/08 v0.1 add Arabic and Farsi to "declared" options of
 babel
)
(C:\Users\anton.sotnikov\AppData\Local\Programs\MiKTeX\tex/latex/babel-russian\
russianb.ldf
File: russianb.ldf 2021/01/10 1.3m Russian support for the Babel system
Language: russian 2020/09/09 1.3k Russian support for the Babel system


Package babel Warning: No Cyrillic font encoding has been loaded so far.
(babel)                A font encoding should be declared before babel.
(babel)                Default `T2A' encoding will be loaded  on input line 78.



(C:\Users\anton.sotnikov\AppData\Local\Programs\MiKTeX\tex/latex/cyrillic\t2aen
c.def
File: t2aenc.def 2005/09/27 v1.0i Cyrillic encoding definition file
Now handling font encoding T2A ...
... processing UTF-8 mapping file for font encoding T2A

(C:\Users\anton.sotnikov\AppData\Local\Programs\MiKTeX\tex/latex/base\t2aenc.df
u
File: t2aenc.dfu 2021/06/21 v1.2n UTF-8 support
   defining Unicode char U+00A4 (decimal 164)
   defining Unicode char U+00A7 (decimal 167)
   defining Unicode char U+00AB (decimal 171)
   defining Unicode char U+00BB (decimal 187)
   defining Unicode char U+0131 (decimal 305)
   defining Unicode char U+0237 (decimal 567)
   defining Unicode char U+0400 (decimal 1024)
   defining Unicode char U+0401 (decimal 1025)
   defining Unicode char U+0402 (decimal 1026)
   defining Unicode char U+0403 (decimal 1027)
   defining Unicode char U+0404 (decimal 1028)
   defining Unicode char U+0405 (decimal 1029)
   defining Unicode char U+0406 (decimal 1030)
   defining Unicode char U+0407 (decimal 1031)
   defining Unicode char U+0408 (decimal 1032)
   defining Unicode char U+0409 (decimal 1033)
   defining Unicode char U+040A (decimal 1034)
   defining Unicode char U+040B (decimal 1035)
   defining Unicode char U+040C (decimal 1036)
   defining Unicode char U+040D (decimal 1037)
   defining Unicode char U+040E (decimal 1038)
   defining Unicode char U+040F (decimal 1039)
   defining Unicode char U+0410 (decimal 1040)
   defining Unicode char U+0411 (decimal 1041)
   defining Unicode char U+0412 (decimal 1042)
   defining Unicode char U+0413 (decimal 1043)
   defining Unicode char U+0414 (decimal 1044)
   defining Unicode char U+0415 (decimal 1045)
   defining Unicode char U+0416 (decimal 1046)
   defining Unicode char U+0417 (decimal 1047)
   defining Unicode char U+0418 (decimal 1048)
   defining Unicode char U+0419 (decimal 1049)
   defining Unicode char U+041A (decimal 1050)
   defining Unicode char U+041B (decimal 1051)
   defining Unicode char U+041C (decimal 1052)
   defining Unicode char U+041D (decimal 1053)
   defining Unicode char U+041E (decimal 1054)
   defining Unicode char U+041F (decimal 1055)
   defining Unicode char U+0420 (decimal 1056)
   defining Unicode char U+0421 (decimal 1057)
   defining Unicode char U+0422 (decimal 1058)
   defining Unicode char U+0423 (decimal 1059)
   defining Unicode char U+0424 (decimal 1060)
   defining Unicode char U+0425 (decimal 1061)
   defining Unicode char U+0426 (decimal 1062)
   defining Unicode char U+0427 (decimal 1063)
   defining Unicode char U+0428 (decimal 1064)
   defining Unicode char U+0429 (decimal 1065)
   defining Unicode char U+042A (decimal 1066)
   defining Unicode char U+042B (decimal 1067)
   defining Unicode char U+042C (decimal 1068)
   defining Unicode char U+042D (decimal 1069)
   defining Unicode char U+042E (decimal 1070)
   defining Unicode char U+042F (decimal 1071)
   defining Unicode char U+0430 (decimal 1072)
   defining Unicode char U+0431 (decimal 1073)
   defining Unicode char U+0432 (decimal 1074)
   defining Unicode char U+0433 (decimal 1075)
   defining Unicode char U+0434 (decimal 1076)
   defining Unicode char U+0435 (decimal 1077)
   defining Unicode char U+0436 (decimal 1078)
   defining Unicode char U+0437 (decimal 1079)
   defining Unicode char U+0438 (decimal 1080)
   defining Unicode char U+0439 (decimal 1081)
   defining Unicode char U+043A (decimal 1082)
   defining Unicode char U+043B (decimal 1083)
   defining Unicode char U+043C (decimal 1084)
   defining Unicode char U+043D (decimal 1085)
   defining Unicode char U+043E (decimal 1086)
   defining Unicode char U+043F (decimal 1087)
   defining Unicode char U+0440 (decimal 1088)
   defining Unicode char U+0441 (decimal 1089)
   defining Unicode char U+0442 (decimal 1090)
   defining Unicode char U+0443 (decimal 1091)
   defining Unicode char U+0444 (decimal 1092)
   defining Unicode char U+0445 (decimal 1093)
   defining Unicode char U+0446 (decimal 1094)
   defining Unicode char U+0447 (decimal 1095)
   defining Unicode char U+0448 (decimal 1096)
   defining Unicode char U+0449 (decimal 1097)
   defining Unicode char U+044A (decimal 1098)
   defining Unicode char U+044B (decimal 1099)
   defining Unicode char U+044C (decimal 1100)
   defining Unicode char U+044D (decimal 1101)
   defining Unicode char U+044E (decimal 1102)
   defining Unicode char U+044F (decimal 1103)
   defining Unicode char U+0450 (decimal 1104)
   defining Unicode char U+0451 (decimal 1105)
   defining Unicode char U+0452 (decimal 1106)
   defining Unicode char U+0453 (decimal 1107)
   defining Unicode char U+0454 (decimal 1108)
   defining Unicode char U+0455 (decimal 1109)
   defining Unicode char U+0456 (decimal 1110)
   defining Unicode char U+0457 (decimal 1111)
   defining Unicode char U+0458 (decimal 1112)
   defining Unicode char U+0459 (decimal 1113)
   defining Unicode char U+045A (decimal 1114)
   defining Unicode char U+045B (decimal 1115)
   defining Unicode char U+045C (decimal 1116)
   defining Unicode char U+045D (decimal 1117)
   defining Unicode char U+045E (decimal 1118)
   defining Unicode char U+045F (decimal 1119)
   defining Unicode char U+0490 (decimal 1168)
   defining Unicode char U+0491 (decimal 1169)
   defining Unicode char U+0492 (decimal 1170)
   defining Unicode char U+0493 (decimal 1171)
   defining Unicode char U+0496 (decimal 1174)
   defining Unicode char U+0497 (decimal 1175)
   defining Unicode char U+0498 (decimal 1176)
   defining Unicode char U+0499 (decimal 1177)
   defining Unicode char U+049A (decimal 1178)
   defining Unicode char U+049B (decimal 1179)
   defining Unicode char U+049C (decimal 1180)
   defining Unicode char U+049D (decimal 1181)
   defining Unicode char U+04A0 (decimal 1184)
   defining Unicode char U+04A1 (decimal 1185)
   defining Unicode char U+04A2 (decimal 1186)
   defining Unicode char U+04A3 (decimal 1187)
   defining Unicode char U+04A4 (decimal 1188)
   defining Unicode char U+04A5 (decimal 1189)
   defining Unicode char U+04AA (decimal 1194)
   defining Unicode char U+04AB (decimal 1195)
   defining Unicode char U+04AE (decimal 1198)
   defining Unicode char U+04AF (decimal 1199)
   defining Unicode char U+04B0 (decimal 1200)
   defining Unicode char U+04B1 (decimal 1201)
   defining Unicode char U+04B2 (decimal 1202)
   defining Unicode char U+04B3 (decimal 1203)
   defining Unicode char U+04B6 (decimal 1206)
   defining Unicode char U+04B7 (decimal 1207)
   defining Unicode char U+04B8 (decimal 1208)
   defining Unicode char U+04B9 (decimal 1209)
   defining Unicode char U+04BA (decimal 1210)
   defining Unicode char U+04BB (decimal 1211)
   defining Unicode char U+04C0 (decimal 1216)
   defining Unicode char U+04C1 (decimal 1217)
   defining Unicode char U+04C2 (decimal 1218)
   defining Unicode char U+04D0 (decimal 1232)
   defining Unicode char U+04D1 (decimal 1233)
   defining Unicode char U+04D2 (decimal 1234)
   defining Unicode char U+04D3 (decimal 1235)
   defining Unicode char U+04D4 (decimal 1236)
   defining Unicode char U+04D5 (decimal 1237)
   defining Unicode char U+04D6 (decimal 1238)
   defining Unicode char U+04D7 (decimal 1239)
   defining Unicode char U+04D8 (decimal 1240)
   defining Unicode char U+04D9 (decimal 1241)
   defining Unicode char U+04DA (decimal 1242)
   defining Unicode char U+04DB (decimal 1243)
   defining Unicode char U+04DC (decimal 1244)
   defining Unicode char U+04DD (decimal 1245)
   defining Unicode char U+04DE (decimal 1246)
   defining Unicode char U+04DF (decimal 1247)
   defining Unicode char U+04E2 (decimal 1250)
   defining Unicode char U+04E3 (decimal 1251)
   defining Unicode char U+04E4 (decimal 1252)
   defining Unicode char U+04E5 (decimal 1253)
   defining Unicode char U+04E6 (decimal 1254)
   defining Unicode char U+04E7 (decimal 1255)
   defining Unicode char U+04E8 (decimal 1256)
   defining Unicode char U+04E9 (decimal 1257)
   defining Unicode char U+04EC (decimal 1260)
   defining Unicode char U+04ED (decimal 1261)
   defining Unicode char U+04EE (decimal 1262)
   defining Unicode char U+04EF (decimal 1263)
   defining Unicode char U+04F0 (decimal 1264)
   defining Unicode char U+04F1 (decimal 1265)
   defining Unicode char U+04F2 (decimal 1266)
   defining Unicode char U+04F3 (decimal 1267)
   defining Unicode char U+04F4 (decimal 1268)
   defining Unicode char U+04F5 (decimal 1269)
   defining Unicode char U+04F8 (decimal 1272)
   defining Unicode char U+04F9 (decimal 1273)
   defining Unicode char U+200C (decimal 8204)
   defining Unicode char U+2013 (decimal 8211)
   defining Unicode char U+2014 (decimal 8212)
   defining Unicode char U+2018 (decimal 8216)
   defining Unicode char U+2019 (decimal 8217)
   defining Unicode char U+201C (decimal 8220)
   defining Unicode char U+201D (decimal 8221)
   defining Unicode char U+201E (decimal 8222)
   defining Unicode char U+2030 (decimal 8240)
   defining Unicode char U+2031 (decimal 8241)
   defining Unicode char U+2116 (decimal 8470)
   defining Unicode char U+2329 (decimal 9001)
   defining Unicode char U+232A (decimal 9002)
   defining Unicode char U+2423 (decimal 9251)
   defining Unicode char U+27E8 (decimal 10216)
   defining Unicode char U+27E9 (decimal 10217)
   defining Unicode char U+FB00 (decimal 64256)
   defining Unicode char U+FB01 (decimal 64257)
   defining Unicode char U+FB02 (decimal 64258)
   defining Unicode char U+FB03 (decimal 64259)
   defining Unicode char U+FB04 (decimal 64260)
   defining Unicode char U+FB05 (decimal 64261)
   defining Unicode char U+FB06 (decimal 64262)
))
Package babel Info: Making " an active character on input line 124.
Package babel Info: Default for \cyrdash is provided on input line 163.
))
(C:\Users\anton.sotnikov\AppData\Local\Programs\MiKTeX\tex/latex/tools\array.st
y
Package: array 2021/10/04 v2.5f Tabular extension package (FMi)
\col@sep=\dimen149
\ar@mcellbox=\box52
\extrarowheight=\dimen150
\NC@list=\toks24
\extratabsurround=\skip52
\backup@length=\skip53
\ar@cellbox=\box53
)
(C:\Users\anton.sotnikov\AppData\Local\Programs\MiKTeX\tex/latex/tools\theorem.
sty
Package: theorem 2014/10/28 v2.2c Theorem extension package (FMi)
\theorem@style=\toks25
\theorem@bodyfont=\toks26
\theorempreskipamount=\skip54
\theorempostskipamount=\skip55

(C:\Users\anton.sotnikov\AppData\Local\Programs\MiKTeX\tex/latex/tools\thp.sty
File: thp.sty 2014/10/28 v2.2c Theorem extension package (FMi)
))
(C:\Users\anton.sotnikov\AppData\Local\Programs\MiKTeX\tex/latex/base\ifthen.st
y
Package: ifthen 2020/11/24 v1.1c Standard LaTeX ifthen package (DPC)
)
(C:\Users\anton.sotnikov\AppData\Local\Programs\MiKTeX\tex/latex/algorithms\alg
orithm.sty
Package: algorithm 2009/08/24 v0.1 Document Style `algorithm' - floating enviro
nment

(C:\Users\anton.sotnikov\AppData\Local\Programs\MiKTeX\tex/latex/float\float.st
y
Package: float 2001/11/08 v1.3d Float enhancements (AL)
\c@float@type=\count273
\float@exts=\toks27
\float@box=\box54
\@float@everytoks=\toks28
\@floatcapt=\box55
)
\@float@every@algorithm=\toks29
\c@algorithm=\count274
)
(C:\Users\anton.sotnikov\AppData\Local\Programs\MiKTeX\tex/latex/algorithms\alg
orithmic.sty
Package: algorithmic 2009/08/24 v0.1 Document Style `algorithmic'

(C:\Users\anton.sotnikov\AppData\Local\Programs\MiKTeX\tex/latex/graphics\keyva
l.sty
Package: keyval 2014/10/28 v1.15 key=value parser (DPC)
\KV@toks@=\toks30
)
\c@ALC@unique=\count275
\c@ALC@line=\count276
\c@ALC@rem=\count277
\c@ALC@depth=\count278
\ALC@tlm=\skip56
\algorithmicindent=\skip57
)
(C:\Users\anton.sotnikov\AppData\Local\Programs\MiKTeX\tex/latex/graphics\graph
icx.sty
Package: graphicx 2021/09/16 v1.2d Enhanced LaTeX Graphics (DPC,SPQR)

(C:\Users\anton.sotnikov\AppData\Local\Programs\MiKTeX\tex/latex/graphics\graph
ics.sty
Package: graphics 2021/03/04 v1.4d Standard LaTeX Graphics (DPC,SPQR)

(C:\Users\anton.sotnikov\AppData\Local\Programs\MiKTeX\tex/latex/graphics\trig.
sty
Package: trig 2021/08/11 v1.11 sin cos tan (DPC)
)
(C:\Users\anton.sotnikov\AppData\Local\Programs\MiKTeX\tex/latex/graphics-cfg\g
raphics.cfg
File: graphics.cfg 2016/06/04 v1.11 sample graphics configuration
)
Package graphics Info: Driver file: pdftex.def on input line 107.

(C:\Users\anton.sotnikov\AppData\Local\Programs\MiKTeX\tex/latex/graphics-def\p
dftex.def
File: pdftex.def 2020/10/05 v1.2a Graphics/color driver for pdftex
))
\Gin@req@height=\dimen151
\Gin@req@width=\dimen152
)
(C:\Users\anton.sotnikov\AppData\Local\Programs\MiKTeX\tex/latex/floatflt\float
flt.sty
Package: floatflt 1997/07/16 v. 1.31
\c@OptionTest=\count279
\figbox=\box56
\tabbox=\box57
\pagebox=\box58
\ffigcount=\count280
\ftabcount=\count281
\fftest=\count282
\hangcount=\count283
\nosuccesstryfig=\count284
\nosuccesstrytab=\count285
\figgutter=\dimen153
\tabgutter=\dimen154
\htdone=\dimen155
\pageht=\dimen156
\startpageht=\dimen157
\tabbredd=\dimen158
\floatfltwidth=\dimen159
\fltitemwidth=\dimen160
\outputpretest=\toks31
)
(C:\Users\anton.sotnikov\AppData\Local\Programs\MiKTeX\tex/latex/caption\captio
n2.sty
Package: caption2 2021/01/20 v2.2i Customising captions (AR)

(C:\Users\anton.sotnikov\AppData\Local\Programs\MiKTeX\tex/latex/caption\captio
n3.sty
Package: caption3 2022/03/17 v2.3b caption3 kernel (AR)
\caption@tempdima=\dimen161
\captionmargin=\dimen162
\caption@leftmargin=\dimen163
\caption@rightmargin=\dimen164
\caption@width=\dimen165
\caption@indent=\dimen166
\caption@parindent=\dimen167
\caption@hangindent=\dimen168
Package caption Info: Standard document class detected.
)
Package caption2 Info: Running in caption2 v2.0 compatibility mode on input lin
e 231.
\captionlinewidth=\dimen169
\realcaptionwidth=\dimen170
Package caption2 Info: float package is loaded on input line 335.
Package caption2 Info: longtable package is not loaded on input line 352.
Package caption2 Info: subfigure package is not loaded on input line 445.
)
(C:\Users\anton.sotnikov\AppData\Local\Programs\MiKTeX\tex/latex/graphics\color
.sty
Package: color 2021/12/07 v1.3c Standard LaTeX Color (DPC)

(C:\Users\anton.sotnikov\AppData\Local\Programs\MiKTeX\tex/latex/graphics-cfg\c
olor.cfg
File: color.cfg 2016/01/02 v1.6 sample color configuration
)
Package color Info: Driver file: pdftex.def on input line 149.
)
(C:\Users\anton.sotnikov\AppData\Local\Programs\MiKTeX\tex/generic/xypic\xy.sty

(C:\Users\anton.sotnikov\AppData\Local\Programs\MiKTeX\tex/generic/xypic\xy.tex
Bootstrap'ing: catcodes, docmode,
(C:\Users\anton.sotnikov\AppData\Local\Programs\MiKTeX\tex/generic/xypic\xyreca
t.tex)
(C:\Users\anton.sotnikov\AppData\Local\Programs\MiKTeX\tex/generic/xypic\xyidio
ms.tex)

 Xy-pic version 3.8.9 <2013/10/06>
 Copyright (c) 1991-2013 by Kristoffer H. Rose <krisrose@tug.org> and others
 Xy-pic is free software: see the User's Guide for details.

Loading kernel: messages; fonts; allocations: state,
\X@c=\dimen171
\Y@c=\dimen172
\U@c=\dimen173
\D@c=\dimen174
\L@c=\dimen175
\R@c=\dimen176
\Edge@c=\toks32
\X@p=\dimen177
\Y@p=\dimen178
\U@p=\dimen179
\D@p=\dimen180
\L@p=\dimen181
\R@p=\dimen182
\Edge@p=\toks33
\X@origin=\dimen183
\Y@origin=\dimen184
\X@xbase=\dimen185
\Y@xbase=\dimen186
\X@ybase=\dimen187
\Y@ybase=\dimen188
\X@min=\dimen189
\Y@min=\dimen190
\X@max=\dimen191
\Y@max=\dimen192
\lastobjectbox@=\box59
\zerodotbox@=\box60
\almostz@=\dimen193
 direction,
\d@X=\dimen194
\d@Y=\dimen195
\K@=\count286
\KK@=\count287
\Direction=\count288
\K@dXdY=\dimen196
\K@dYdX=\dimen197
\xyread@=\read3
\xywrite@=\write3
\csp@=\count289
\quotPTK@=\dimen198

utility macros; pictures: \xy, positions,
\swaptoks@@=\toks34
\connectobjectbox@@=\box61
 objects,
\styletoks@=\toks35
 decorations;
kernel objects: directionals, circles, text; options; algorithms: directions,
edges, connections;  Xy-pic loaded)
(C:\Users\anton.sotnikov\AppData\Local\Programs\MiKTeX\tex/generic/iftex\ifpdf.
sty
Package: ifpdf 2019/10/25 v3.4 ifpdf legacy package. Use iftex instead.

(C:\Users\anton.sotnikov\AppData\Local\Programs\MiKTeX\tex/generic/iftex\iftex.
sty
Package: iftex 2022/02/03 v1.0f TeX engine tests
))
Package: xy 2013/10/06 Xy-pic version 3.8.9

(C:\Users\anton.sotnikov\AppData\Local\Programs\MiKTeX\tex/generic/xypic\xyall.
tex  Xy-pic option: All features v.3.8
(C:\Users\anton.sotnikov\AppData\Local\Programs\MiKTeX\tex/generic/xypic\xycurv
e.tex  Xy-pic option: Curve and Spline extension v.3.12 curve,
\crv@cnt@=\count290
\crvpts@=\toks36
\splinebox@=\box62
\splineval@=\dimen199
\splinedepth@=\dimen256
\splinetol@=\dimen257
\splinelength@=\dimen258
 circles,
\L@=\dimen259
 loaded)
(C:\Users\anton.sotnikov\AppData\Local\Programs\MiKTeX\tex/generic/xypic\xyfram
e.tex  Xy-pic option: Frame and Bracket extension v.3.14 loaded)
(C:\Users\anton.sotnikov\AppData\Local\Programs\MiKTeX\tex/generic/xypic\xycmti
p.tex  Xy-pic option: Computer Modern tip extension v.3.7
(C:\Users\anton.sotnikov\AppData\Local\Programs\MiKTeX\tex/generic/xypic\xytips
.tex  Xy-pic option: More Tips extension v.3.11 loaded) loaded)
(C:\Users\anton.sotnikov\AppData\Local\Programs\MiKTeX\tex/generic/xypic\xyline
.tex  Xy-pic option: Line styles extension v.3.10
\xylinethick@=\dimen260
 loaded)
(C:\Users\anton.sotnikov\AppData\Local\Programs\MiKTeX\tex/generic/xypic\xyrota
te.tex  Xy-pic option: Rotate and Scale extension v.3.8 loaded)
(C:\Users\anton.sotnikov\AppData\Local\Programs\MiKTeX\tex/generic/xypic\xycolo
r.tex  Xy-pic option: Colour extension v.3.11 loaded)
(C:\Users\anton.sotnikov\AppData\Local\Programs\MiKTeX\tex/generic/xypic\xymatr
ix.tex  Xy-pic option: Matrix feature v.3.14
\Row=\count291
\Col=\count292
\queue@=\toks37
\queue@@=\toks38
\qcount@=\count293
\qcount@@=\count294
\matrixsize@=\count295
 loaded)
(C:\Users\anton.sotnikov\AppData\Local\Programs\MiKTeX\tex/generic/xypic\xyarro
w.tex  Xy-pic option: Arrow and Path feature v.3.9 path, \ar, loaded)
(C:\Users\anton.sotnikov\AppData\Local\Programs\MiKTeX\tex/generic/xypic\xygrap
h.tex  Xy-pic option: Graph feature v.3.11 loaded) loaded)
(C:\Users\anton.sotnikov\AppData\Local\Programs\MiKTeX\tex/generic/xypic\xypdf.
tex  Xy-pic option: PDF driver v.1.7
Xy-pic pdf driver: `color' extension support
(C:\Users\anton.sotnikov\AppData\Local\Programs\MiKTeX\tex/generic/xypic\xypdf-
co.tex loaded) Xy-pic pdf driver: `curve' extension support
(C:\Users\anton.sotnikov\AppData\Local\Programs\MiKTeX\tex/generic/xypic\xypdf-
cu.tex loaded) Xy-pic pdf driver: `frame' extension support
(C:\Users\anton.sotnikov\AppData\Local\Programs\MiKTeX\tex/generic/xypic\xypdf-
fr.tex loaded) Xy-pic pdf driver: `line' extension support
(C:\Users\anton.sotnikov\AppData\Local\Programs\MiKTeX\tex/generic/xypic\xypdf-
li.tex loaded) Xy-pic pdf driver: `rotate' extension support
(C:\Users\anton.sotnikov\AppData\Local\Programs\MiKTeX\tex/generic/xypic\xypdf-
ro.tex loaded) loaded))
(C:\Users\anton.sotnikov\AppData\Local\Programs\MiKTeX\tex/latex/cmap\cmap.sty
Package: cmap 2021/02/06 v1.0j CMap support: searchable PDF
)<<ot1.cmap>>
\c@Theorem=\count296
\c@Corollary=\count297
\c@Lemma=\count298
\c@Def=\count299
\c@State=\count300
\c@Hypothesis=\count301
\c@Example=\count302
\c@Heuristic=\count303
\c@Remark=\count304
)
(C:\Users\anton.sotnikov\AppData\Local\Programs\MiKTeX\tex/latex/l3backend\l3ba
ckend-pdftex.def
File: l3backend-pdftex.def 2022-02-07 L3 backend support: PDF output (pdfTeX)
\l__color_backend_stack_int=\count305
\l__pdf_internal_box=\box63
) (MS_Thesis_Sotnikov2022_diploma.aux
LaTeX Font Info:    Trying to load font information for T2A+cmr on input line 5
.

(C:\Users\anton.sotnikov\AppData\Local\Programs\MiKTeX\tex/latex/cyrillic\t2acm
r.fd
File: t2acmr.fd 2001/08/11 v1.0a Computer Modern Cyrillic font definitions
)<<t2a.cmap>>)
\openout1 = `MS_Thesis_Sotnikov2022_diploma.aux'.

LaTeX Font Info:    Checking defaults for OML/cmm/m/it on input line 6.
LaTeX Font Info:    ... okay on input line 6.
LaTeX Font Info:    Checking defaults for OMS/cmsy/m/n on input line 6.
LaTeX Font Info:    ... okay on input line 6.
LaTeX Font Info:    Checking defaults for OT1/cmr/m/n on input line 6.
LaTeX Font Info:    ... okay on input line 6.
LaTeX Font Info:    Checking defaults for T1/cmr/m/n on input line 6.
LaTeX Font Info:    ... okay on input line 6.
LaTeX Font Info:    Checking defaults for TS1/cmr/m/n on input line 6.
LaTeX Font Info:    ... okay on input line 6.
LaTeX Font Info:    Checking defaults for OMX/cmex/m/n on input line 6.
LaTeX Font Info:    ... okay on input line 6.
LaTeX Font Info:    Checking defaults for U/cmr/m/n on input line 6.
LaTeX Font Info:    ... okay on input line 6.
LaTeX Font Info:    Checking defaults for T2A/cmr/m/n on input line 6.
LaTeX Font Info:    ... okay on input line 6.
LaTeX Info: Redefining \th on input line 6.

(C:\Users\anton.sotnikov\AppData\Local\Programs\MiKTeX\tex/context/base/mkii\su
pp-pdf.mkii
[Loading MPS to PDF converter (version 2006.09.02).]
\scratchcounter=\count306
\scratchdimen=\dimen261
\scratchbox=\box64
\nofMPsegments=\count307
\nofMParguments=\count308
\everyMPshowfont=\toks39
\MPscratchCnt=\count309
\MPscratchDim=\dimen262
\MPnumerator=\count310
\makeMPintoPDFobject=\count311
\everyMPtoPDFconversion=\toks40
)
(C:\Users\anton.sotnikov\AppData\Local\Programs\MiKTeX\tex/latex/epstopdf-pkg\e
pstopdf-base.sty
Package: epstopdf-base 2020-01-24 v2.11 Base part for package epstopdf
Package epstopdf-base Info: Redefining graphics rule for `.eps' on input line 4
85.

(C:\Users\anton.sotnikov\AppData\Local\Programs\MiKTeX\tex/latex/00miktex\epsto
pdf-sys.cfg
File: epstopdf-sys.cfg 2021/03/18 v2.0 Configuration of epstopdf for MiKTeX
))
Package caption Info: Begin \AtBeginDocument code.
Package caption Info: End \AtBeginDocument code.
<<oml.cmap>><<oms.cmap>><<omx.cmap>>
LaTeX Font Info:    Trying to load font information for U+msa on input line 6.

(C:\Users\anton.sotnikov\AppData\Local\Programs\MiKTeX\tex/latex/amsfonts\umsa.
fd
File: umsa.fd 2013/01/14 v3.01 AMS symbols A
)
LaTeX Font Info:    Trying to load font information for U+msb on input line 6.

(C:\Users\anton.sotnikov\AppData\Local\Programs\MiKTeX\tex/latex/amsfonts\umsb.
fd
File: umsb.fd 2013/01/14 v3.01 AMS symbols B
)
Package xypdf Info: Line width: 0.47998pt on input line 6.
 [1

{C:/Users/anton.sotnikov/AppData/Local/MiKTeX/fonts/map/pdftex/pdftex.map}]
LaTeX Font Info:    Trying to load font information for T2A+cmss on input line 
44.

(C:\Users\anton.sotnikov\AppData\Local\Programs\MiKTeX\tex/latex/cyrillic\t2acm
ss.fd
File: t2acmss.fd 2001/08/11 v1.0a Computer Modern Cyrillic font definitions
) (MS_Thesis_Sotnikov2022_diploma.toc)
\tf@toc=\write4
\openout4 = `MS_Thesis_Sotnikov2022_diploma.toc'.

 [2] [3] [4] [5]
LaTeX Font Info:    Trying to load font information for U+euf on input line 116
.

(C:\Users\anton.sotnikov\AppData\Local\Programs\MiKTeX\tex/latex/amsfonts\ueuf.
fd
File: ueuf.fd 2013/01/14 v3.01 Euler Fraktur
) [6]

LaTeX Warning: Citation `NIPS2011_7eb3c8be' on page 7 undefined on input line 1
34.


LaTeX Warning: Citation `DBLP:journals/corr/abs-1802-03268' on page 7 undefined
 on input line 136.


LaTeX Warning: Citation `DBLP:journals/corr/ZophL16' on page 7 undefined on inp
ut line 136.


LaTeX Warning: Citation `article' on page 7 undefined on input line 136.


LaTeX Warning: Citation `real2019regularized' on page 7 undefined on input line
 136.


LaTeX Warning: Citation `DBLP:journals/corr/abs-1806-09055' on page 7 undefined
 on input line 136.


LaTeX Warning: Citation `DBLP:journals/corr/abs-2007-16149' on page 7 undefined
 on input line 136.


LaTeX Warning: Citation `inproceedings' on page 7 undefined on input line 136.


LaTeX Warning: Citation `DBLP:journals/corr/abs-2011-06006' on page 7 undefined
 on input line 136.


LaTeX Warning: Citation `ferianc2021vinnas' on page 7 undefined on input line 1
36.


LaTeX Warning: Citation `zhou2019bayesnas' on page 7 undefined on input line 13
6.


LaTeX Warning: Citation `cifar10' on page 7 undefined on input line 138.


LaTeX Warning: Citation `DBLP:journals/corr/abs-1708-07747' on page 7 undefined
 on input line 138.

[7] [8] [9] [10] (MS_Thesis_Sotnikov2022_diploma.bbl
Underfull \hbox (badness 3312) in paragraph at lines 12--16
[]\T2A/cmr/m/n/12 Bayesnas: A bayesian approach for neural architecture search 
/ H. Zhou,
 []


Underfull \hbox (badness 3713) in paragraph at lines 12--16
\T2A/cmr/m/n/12 M. Yang, J. Wang, W. Pan // \T2A/cmr/m/it/12 CoRR\T2A/cmr/m/n/1
2 . ^^V  2019. ^^V  Vol. abs/1905.04919.
 []


Underfull \hbox (badness 10000) in paragraph at lines 26--30
[]\T2A/cmr/m/it/12 Ferianc M., Fan H., Rodrigues M. \T2A/cmr/m/n/12 VINNAS: var
iational inference-based
 []


Underfull \hbox (badness 1442) in paragraph at lines 33--37
[]\T2A/cmr/m/n/12 Learning transferable architectures for scalable image recogn
ition / B. Zoph,
 []


Underfull \hbox (badness 10000) in paragraph at lines 47--50
[]\T2A/cmr/m/it/12 Potapczynski A., Loaiza-Ganem G., Cunningham J. P. \T2A/cmr/
m/n/12 Invertible
 []


Underfull \hbox (badness 10000) in paragraph at lines 47--50
\T2A/cmr/m/n/12 gaussian reparameterization: Revisiting the gumbel-softmax. ^^V
  2019.
 []

) [11] (MS_Thesis_Sotnikov2022_diploma.aux)

LaTeX Warning: There were undefined references.

 ) 
Here is how much of TeX's memory you used:
 8752 strings out of 478582
 132693 string characters out of 2840096
 470168 words of memory out of 3000000
 26719 multiletter control sequences out of 15000+600000
 489110 words of font info for 77 fonts, out of 8000000 for 9000
 1141 hyphenation exceptions out of 8191
 70i,5n,77p,3261b,203s stack positions out of 10000i,1000n,20000p,200000b,80000s
 <C:\Users\anton.sotnikov\AppData\Local\MiKTeX\fonts/pk/ljfour/lh/lh-t2a/dpi6
00\lati1200.pk> <C:\Users\anton.sotnikov\AppData\Local\MiKTeX\fonts/pk/ljfour/l
h/lh-t2a/dpi600\lasx1440.pk> <C:\Users\anton.sotnikov\AppData\Local\MiKTeX\font
s/pk/ljfour/jknappen/ec/dpi600\tcrm1200.pk> <C:\Users\anton.sotnikov\AppData\Lo
cal\MiKTeX\fonts/pk/ljfour/lh/lh-t2a/dpi600\larm1095.pk> <C:\Users\anton.sotnik
ov\AppData\Local\MiKTeX\fonts/pk/ljfour/lh/lh-t2a/dpi600\labx1095.pk> <C:\Users
\anton.sotnikov\AppData\Local\MiKTeX\fonts/pk/ljfour/lh/lh-t2a/dpi600\lasx1728.
pk> <C:\Users\anton.sotnikov\AppData\Local\MiKTeX\fonts/pk/ljfour/lh/lh-t2a/dpi
600\labx1200.pk> <C:\Users\anton.sotnikov\AppData\Local\MiKTeX\fonts/pk/ljfour/
lh/lh-t2a/dpi600\labx1728.pk> <C:\Users\anton.sotnikov\AppData\Local\MiKTeX\fon
ts/pk/ljfour/lh/lh-t2a/dpi600\larm1440.pk> <C:\Users\anton.sotnikov\AppData\Loc
al\MiKTeX\fonts/pk/ljfour/lh/lh-t2a/dpi600\larm1200.pk> <C:\Users\anton.sotniko
v\AppData\Local\MiKTeX\fonts/pk/ljfour/lh/lh-t2a/dpi600\lacc1200.pk><C:/Users/a
nton.sotnikov/AppData/Local/Programs/MiKTeX/fonts/type1/public/amsfonts/cm/cmbx
12.pfb><C:/Users/anton.sotnikov/AppData/Local/Programs/MiKTeX/fonts/type1/publi
c/amsfonts/cm/cmmi12.pfb><C:/Users/anton.sotnikov/AppData/Local/Programs/MiKTeX
/fonts/type1/public/amsfonts/cm/cmmi8.pfb><C:/Users/anton.sotnikov/AppData/Loca
l/Programs/MiKTeX/fonts/type1/public/amsfonts/cm/cmr12.pfb><C:/Users/anton.sotn
ikov/AppData/Local/Programs/MiKTeX/fonts/type1/public/amsfonts/cm/cmr8.pfb><C:/
Users/anton.sotnikov/AppData/Local/Programs/MiKTeX/fonts/type1/public/amsfonts/
cm/cmsy10.pfb><C:/Users/anton.sotnikov/AppData/Local/Programs/MiKTeX/fonts/type
1/public/amsfonts/cm/cmsy8.pfb><C:/Users/anton.sotnikov/AppData/Local/Programs/
MiKTeX/fonts/type1/public/amsfonts/euler/eufm10.pfb>
Output written on MS_Thesis_Sotnikov2022_diploma.pdf (11 pages, 239794 bytes).
PDF statistics:
 538 PDF objects out of 1000 (max. 8388607)
 0 named destinations out of 1000 (max. 500000)
 21 words of extra memory for PDF output out of 10000 (max. 10000000)

